36.0 APEX_CODE,FINEST;APEX_PROFILING,INFO;CALLOUT,INFO;DB,INFO;SYSTEM,DEBUG;VALIDATION,INFO;VISUALFORCE,INFO;WAVE,INFO;WORKFLOW,INFO
20:05:40.0 (380940)|USER_INFO|[EXTERNAL]|0051N000005uzmp|craig-rupp@apex-academy.com|Pacific Standard Time|GMT-08:00
20:05:40.0 (625233)|EXECUTION_STARTED
20:05:40.0 (630746)|CODE_UNIT_STARTED|[EXTERNAL]|TRIGGERS
20:05:40.0 (672145)|CODE_UNIT_STARTED|[EXTERNAL]|01q1N000001mO2l|WarrantySummary on Case trigger event BeforeInsert for [new]
20:05:40.0 (705759)|HEAP_ALLOCATE|[EXTERNAL]|Bytes:8
20:05:40.0 (1051337)|HEAP_ALLOCATE|[72]|Bytes:3
20:05:40.0 (1126498)|HEAP_ALLOCATE|[77]|Bytes:152
20:05:40.0 (1151253)|HEAP_ALLOCATE|[342]|Bytes:408
20:05:40.0 (1175874)|HEAP_ALLOCATE|[355]|Bytes:408
20:05:40.0 (1191135)|HEAP_ALLOCATE|[467]|Bytes:48
20:05:40.0 (1241479)|HEAP_ALLOCATE|[139]|Bytes:6
20:05:40.0 (1266134)|HEAP_ALLOCATE|[EXTERNAL]|Bytes:4
20:05:40.0 (1293722)|VARIABLE_SCOPE_BEGIN|[1]|this|WarrantySummary|true|false
20:05:40.0 (1470361)|VARIABLE_ASSIGNMENT|[1]|this|{}|0x360dc2a4
20:05:40.0 (1552730)|HEAP_ALLOCATE|[EXTERNAL]|Bytes:4
20:05:40.0 (1568936)|VARIABLE_SCOPE_BEGIN|[1]|this|WarrantySummary|true|false
20:05:40.0 (1582895)|VARIABLE_ASSIGNMENT|[1]|this|{}|0x360dc2a4
20:05:40.0 (1591405)|STATEMENT_EXECUTE|[1]
20:05:40.0 (1629415)|HEAP_ALLOCATE|[50]|Bytes:5
20:05:40.0 (1689042)|HEAP_ALLOCATE|[56]|Bytes:5
20:05:40.0 (1703918)|HEAP_ALLOCATE|[64]|Bytes:7
20:05:40.0 (2129770)|HEAP_ALLOCATE|[2]|Bytes:5
20:05:40.0 (2160835)|HEAP_ALLOCATE|[2]|Bytes:4
20:05:40.0 (2171207)|VARIABLE_SCOPE_BEGIN|[2]|myCase|Case|true|false
20:05:40.0 (3087513)|VARIABLE_ASSIGNMENT|[2]|myCase|{"Origin":"Email","Status":"New","IsDeleted":false,"Description":"SSN","IsEscalated":false,"OwnerId":"0051N000005uzmpQAA","Priority":"Medium","IsClosedOnCreate":false,"Product_Has_Extended (12 more) ...":false,"IsClosed":false}|0x2c8c9f77
20:05:40.0 (3101236)|STATEMENT_EXECUTE|[2]
20:05:40.0 (3102689)|STATEMENT_EXECUTE|[3]
20:05:40.0 (3200104)|HEAP_ALLOCATE|[3]|Bytes:41
20:05:40.0 (3401819)|FATAL_ERROR|System.NullPointerException: Attempt to de-reference a null object

Trigger.WarrantySummary: line 3, column 1
20:05:40.0 (3416735)|FATAL_ERROR|System.NullPointerException: Attempt to de-reference a null object

Trigger.WarrantySummary: line 3, column 1
20:05:40.3 (3461609)|CUMULATIVE_LIMIT_USAGE
20:05:40.3 (3461609)|LIMIT_USAGE_FOR_NS|(default)|
  Number of SOQL queries: 0 out of 100
  Number of query rows: 0 out of 50000
  Number of SOSL queries: 0 out of 20
  Number of DML statements: 0 out of 150
  Number of DML rows: 0 out of 10000
  Maximum CPU time: 0 out of 10000
  Maximum heap size: 0 out of 6000000
  Number of callouts: 0 out of 100
  Number of Email Invocations: 0 out of 10
  Number of future calls: 0 out of 50
  Number of queueable jobs added to the queue: 0 out of 50
  Number of Mobile Apex push calls: 0 out of 10

20:05:40.3 (3461609)|CUMULATIVE_LIMIT_USAGE_END

20:05:40.0 (4285941)|CODE_UNIT_FINISHED|WarrantySummary on Case trigger event BeforeInsert for [new]
