41.0 APEX_CODE,FINEST;APEX_PROFILING,INFO;CALLOUT,INFO;DB,INFO;SYSTEM,DEBUG;VALIDATION,INFO;VISUALFORCE,INFO;WAVE,INFO;WORKFLOW,INFO
20:23:10.0 (332003)|EXECUTION_STARTED
20:23:10.0 (352055)|CODE_UNIT_STARTED|[EXTERNAL]|VisualForce View State
20:23:10.0 (10406614)|CODE_UNIT_FINISHED|VisualForce View State
20:23:10.0 (11647126)|EXECUTION_FINISHED
20:23:10.69 (69630887)|CUMULATIVE_LIMIT_USAGE
20:23:10.69 (69630887)|LIMIT_USAGE_FOR_NS|(default)|
  Number of SOQL queries: 0 out of 100
  Number of query rows: 0 out of 50000
  Number of SOSL queries: 0 out of 20
  Number of DML statements: 0 out of 150
  Number of DML rows: 0 out of 10000
  Maximum CPU time: 0 out of 10000
  Maximum heap size: 0 out of 6000000
  Number of callouts: 0 out of 100
  Number of Email Invocations: 0 out of 10
  Number of future calls: 0 out of 50
  Number of queueable jobs added to the queue: 0 out of 50
  Number of Mobile Apex push calls: 0 out of 10

20:23:10.69 (69630887)|CUMULATIVE_LIMIT_USAGE_END

