41.0 APEX_CODE,FINEST;APEX_PROFILING,INFO;CALLOUT,INFO;DB,INFO;SYSTEM,DEBUG;VALIDATION,INFO;VISUALFORCE,INFO;WAVE,INFO;WORKFLOW,INFO
16:07:22.0 (300062)|USER_INFO|[EXTERNAL]|0051N000005uzmp|craig-rupp@apex-academy.com|Pacific Standard Time|GMT-08:00
16:07:22.0 (335076)|EXECUTION_STARTED
16:07:22.0 (339570)|CODE_UNIT_STARTED|[EXTERNAL]|TRIGGERS
16:07:22.0 (366173)|CODE_UNIT_STARTED|[EXTERNAL]|01q1N000001lLJr|AmountUpdate on Opportunity trigger event BeforeUpdate
16:07:22.0 (408461)|HEAP_ALLOCATE|[EXTERNAL]|Bytes:8
16:07:22.0 (447594)|HEAP_ALLOCATE|[EXTERNAL]|Bytes:8
16:07:22.0 (771635)|HEAP_ALLOCATE|[72]|Bytes:3
16:07:22.0 (834313)|HEAP_ALLOCATE|[77]|Bytes:152
16:07:22.0 (849680)|HEAP_ALLOCATE|[342]|Bytes:408
16:07:22.0 (863737)|HEAP_ALLOCATE|[355]|Bytes:408
16:07:22.0 (876263)|HEAP_ALLOCATE|[467]|Bytes:48
16:07:22.0 (930300)|HEAP_ALLOCATE|[139]|Bytes:6
16:07:22.0 (961692)|HEAP_ALLOCATE|[EXTERNAL]|Bytes:4
16:07:22.0 (982358)|VARIABLE_SCOPE_BEGIN|[1]|this|AmountUpdate|true|false
16:07:22.0 (1198808)|VARIABLE_ASSIGNMENT|[1]|this|{}|0x1427b5d5
16:07:22.0 (1257377)|HEAP_ALLOCATE|[EXTERNAL]|Bytes:4
16:07:22.0 (1311739)|VARIABLE_SCOPE_BEGIN|[1]|this|AmountUpdate|true|false
16:07:22.0 (1326264)|VARIABLE_ASSIGNMENT|[1]|this|{}|0x1427b5d5
16:07:22.0 (1334214)|STATEMENT_EXECUTE|[1]
16:07:22.0 (1365997)|HEAP_ALLOCATE|[50]|Bytes:5
16:07:22.0 (1388879)|HEAP_ALLOCATE|[56]|Bytes:5
16:07:22.0 (1397029)|HEAP_ALLOCATE|[64]|Bytes:7
16:07:22.0 (1760588)|HEAP_ALLOCATE|[2]|Bytes:5
16:07:22.0 (1786020)|HEAP_ALLOCATE|[2]|Bytes:4
16:07:22.0 (1797253)|VARIABLE_SCOPE_BEGIN|[2]|opp|Opportunity|true|false
16:07:22.0 (2485614)|VARIABLE_ASSIGNMENT|[2]|opp|{"LastModifiedDate":"2018-01-31T01:07:40.000Z","HasOpportunityLineIt (2 more) ...":false,"Competitor_1__c":"Microsoft","Competitor_3__c":"Oracle","ForecastCategory":"Closed","IsClosed":true,"Competitor_3_Price__ (1 more) ...":4800.00,"CloseDate":"2018-01-23T00:00:00.000Z","Name":"Apple Watch Test","HasOpenActivity":false,"Most_Expensivest_Pri (5 more) ...":6000.00,"ExpectedRevenue":10000.00,"CreatedById":"0051N000005uzmpQAA","OwnerId":"0051N000005uzmpQAA","IsWon":true,"Competitor_2__c":"Amazon","IsDeleted":false,"Competitor_1_Price__ (1 more) ...":5000.00,"StageName":"Closed Won","Amount":10000.00,"Probability":100,"SystemModstamp":"2018-02-01T11:40:30.000Z","Competitor_2_Price__ (1 more) ...":6000.00,"Leading_Competitor__ (1 more) ...":"Oracle","Most_Expensivest__c":"Amazon","CreatedDate":"2018-01-23T21:05:57.000Z","HasOverdueTask":false,"Id":"0061N00000UenUnQAJ","ForecastCategoryName":"Closed","IsPrivate":false,"LastModifiedById":"0051N000005uzmpQAA"}|0x3bf3d9e8
16:07:22.0 (2512676)|STATEMENT_EXECUTE|[2]
16:07:22.0 (2514514)|STATEMENT_EXECUTE|[3]
16:07:22.0 (2540588)|HEAP_ALLOCATE|[3]|Bytes:28
16:07:22.0 (2861726)|VARIABLE_ASSIGNMENT|[3]|this.Amount|10000|0x3bf3d9e8
16:07:22.0 (2881577)|HEAP_ALLOCATE|[2]|Bytes:5
16:07:22.0 (2895622)|VARIABLE_ASSIGNMENT|[2]|opp|null|
16:07:22.2 (2905321)|CUMULATIVE_LIMIT_USAGE
16:07:22.2 (2905321)|LIMIT_USAGE_FOR_NS|(default)|
  Number of SOQL queries: 0 out of 100
  Number of query rows: 0 out of 50000
  Number of SOSL queries: 0 out of 20
  Number of DML statements: 0 out of 150
  Number of DML rows: 0 out of 10000
  Maximum CPU time: 0 out of 10000
  Maximum heap size: 0 out of 6000000
  Number of callouts: 0 out of 100
  Number of Email Invocations: 0 out of 10
  Number of future calls: 0 out of 50
  Number of queueable jobs added to the queue: 0 out of 50
  Number of Mobile Apex push calls: 0 out of 10

16:07:22.2 (2905321)|CUMULATIVE_LIMIT_USAGE_END

16:07:22.0 (4326126)|CODE_UNIT_FINISHED|AmountUpdate on Opportunity trigger event BeforeUpdate
16:07:22.0 (7718043)|CODE_UNIT_STARTED|[EXTERNAL]|01q1N000001nQqf|LeadingCompetitor on Opportunity trigger event BeforeUpdate
16:07:22.0 (7744568)|HEAP_ALLOCATE|[EXTERNAL]|Bytes:8
16:07:22.0 (7750680)|HEAP_ALLOCATE|[EXTERNAL]|Bytes:8
16:07:22.0 (7801129)|HEAP_ALLOCATE|[EXTERNAL]|Bytes:4
16:07:22.0 (7809073)|VARIABLE_SCOPE_BEGIN|[1]|this|LeadingCompetitor|true|false
16:07:22.0 (7836197)|VARIABLE_ASSIGNMENT|[1]|this|{}|0x69415f17
16:07:22.0 (7871296)|HEAP_ALLOCATE|[EXTERNAL]|Bytes:4
16:07:22.0 (7877961)|VARIABLE_SCOPE_BEGIN|[1]|this|LeadingCompetitor|true|false
16:07:22.0 (7889033)|VARIABLE_ASSIGNMENT|[1]|this|{}|0x69415f17
16:07:22.0 (7895839)|STATEMENT_EXECUTE|[1]
16:07:22.0 (7960249)|HEAP_ALLOCATE|[4]|Bytes:5
16:07:22.0 (7974293)|HEAP_ALLOCATE|[4]|Bytes:4
16:07:22.0 (7981600)|VARIABLE_SCOPE_BEGIN|[4]|opp|Opportunity|true|false
16:07:22.0 (8361772)|VARIABLE_ASSIGNMENT|[4]|opp|{"LastModifiedDate":"2018-01-31T01:07:40.000Z","HasOpportunityLineIt (2 more) ...":false,"Competitor_1__c":"Microsoft","Competitor_3__c":"Oracle","ForecastCategory":"Closed","IsClosed":true,"Competitor_3_Price__ (1 more) ...":4800.00,"CloseDate":"2018-01-23T00:00:00.000Z","Name":"Apple Watch Test","HasOpenActivity":false,"Most_Expensivest_Pri (5 more) ...":6000.00,"ExpectedRevenue":10000.00,"CreatedById":"0051N000005uzmpQAA","OwnerId":"0051N000005uzmpQAA","IsWon":true,"Competitor_2__c":"Amazon","IsDeleted":false,"Competitor_1_Price__ (1 more) ...":5000.00,"StageName":"Closed Won","Amount":10000,"Probability":100,"SystemModstamp":"2018-02-01T11:40:30.000Z","Competitor_2_Price__ (1 more) ...":6000.00,"Leading_Competitor__ (1 more) ...":"Oracle","Most_Expensivest__c":"Amazon","CreatedDate":"2018-01-23T21:05:57.000Z","HasOverdueTask":false,"Id":"0061N00000UenUnQAJ","ForecastCategoryName":"Closed","IsPrivate":false,"LastModifiedById":"0051N000005uzmpQAA"}|0x4ffc0903
16:07:22.0 (8388546)|STATEMENT_EXECUTE|[4]
16:07:22.0 (8390336)|STATEMENT_EXECUTE|[6]
16:07:22.0 (8404604)|HEAP_ALLOCATE|[6]|Bytes:4
16:07:22.0 (8484689)|VARIABLE_SCOPE_BEGIN|[6]|compPrices|List<Decimal>|true|false
16:07:22.0 (8513223)|HEAP_ALLOCATE|[EXTERNAL]|Bytes:4
16:07:22.0 (8524049)|VARIABLE_ASSIGNMENT|[6]|compPrices|[]|0x25d1d3b6
16:07:22.0 (8530163)|STATEMENT_EXECUTE|[7]
16:07:22.0 (8588581)|HEAP_ALLOCATE|[EXTERNAL]|Bytes:4
16:07:22.0 (8597385)|STATEMENT_EXECUTE|[8]
16:07:22.0 (8627836)|HEAP_ALLOCATE|[EXTERNAL]|Bytes:4
16:07:22.0 (8635026)|STATEMENT_EXECUTE|[9]
16:07:22.0 (8658819)|HEAP_ALLOCATE|[EXTERNAL]|Bytes:4
16:07:22.0 (8665749)|STATEMENT_EXECUTE|[12]
16:07:22.0 (8674813)|HEAP_ALLOCATE|[12]|Bytes:4
16:07:22.0 (8692426)|VARIABLE_SCOPE_BEGIN|[12]|compName|List<String>|true|false
16:07:22.0 (8713688)|HEAP_ALLOCATE|[EXTERNAL]|Bytes:4
16:07:22.0 (8721379)|VARIABLE_ASSIGNMENT|[12]|compName|[]|0x468b89fc
16:07:22.0 (8726287)|STATEMENT_EXECUTE|[13]
16:07:22.0 (8758514)|HEAP_ALLOCATE|[EXTERNAL]|Bytes:4
16:07:22.0 (8766108)|STATEMENT_EXECUTE|[14]
16:07:22.0 (8787777)|HEAP_ALLOCATE|[EXTERNAL]|Bytes:4
16:07:22.0 (8794021)|STATEMENT_EXECUTE|[15]
16:07:22.0 (8815168)|HEAP_ALLOCATE|[EXTERNAL]|Bytes:4
16:07:22.0 (8821491)|STATEMENT_EXECUTE|[18]
16:07:22.0 (8824486)|VARIABLE_SCOPE_BEGIN|[18]|lowestPrice|Decimal|false|false
16:07:22.0 (8834032)|VARIABLE_ASSIGNMENT|[18]|lowestPrice|null
16:07:22.0 (8840564)|STATEMENT_EXECUTE|[19]
16:07:22.0 (8843416)|VARIABLE_SCOPE_BEGIN|[19]|lowestPricePosition|Integer|false|false
16:07:22.0 (8851330)|VARIABLE_ASSIGNMENT|[19]|lowestPricePosition|null
16:07:22.0 (8854601)|STATEMENT_EXECUTE|[20]
16:07:22.0 (8856296)|VARIABLE_SCOPE_BEGIN|[20]|highestPrice|Decimal|false|false
16:07:22.0 (8862776)|VARIABLE_ASSIGNMENT|[20]|highestPrice|null
16:07:22.0 (8866162)|STATEMENT_EXECUTE|[21]
16:07:22.0 (8867823)|VARIABLE_SCOPE_BEGIN|[21]|highestPricePosition|Integer|false|false
16:07:22.0 (8874310)|VARIABLE_ASSIGNMENT|[21]|highestPricePosition|null
16:07:22.0 (8878473)|STATEMENT_EXECUTE|[22]
16:07:22.0 (8880656)|VARIABLE_SCOPE_BEGIN|[22]|i|Integer|false|false
16:07:22.0 (8887287)|HEAP_ALLOCATE|[22]|Bytes:4
16:07:22.0 (8894525)|VARIABLE_ASSIGNMENT|[22]|i|0
16:07:22.0 (8916004)|STATEMENT_EXECUTE|[22]
16:07:22.0 (8917774)|STATEMENT_EXECUTE|[23]
16:07:22.0 (8949648)|HEAP_ALLOCATE|[23]|Bytes:28
16:07:22.0 (8955258)|HEAP_ALLOCATE|[23]|Bytes:28
16:07:22.0 (8963062)|VARIABLE_SCOPE_BEGIN|[23]|currentPrice|Decimal|false|false
16:07:22.0 (8973768)|VARIABLE_ASSIGNMENT|[23]|currentPrice|5000.00
16:07:22.0 (8979983)|STATEMENT_EXECUTE|[24]
16:07:22.0 (8981439)|STATEMENT_EXECUTE|[25]
16:07:22.0 (8984776)|VARIABLE_ASSIGNMENT|[25]|lowestPrice|5000.00
16:07:22.0 (8988802)|STATEMENT_EXECUTE|[26]
16:07:22.0 (8990478)|HEAP_ALLOCATE|[26]|Bytes:4
16:07:22.0 (8995326)|VARIABLE_ASSIGNMENT|[26]|lowestPricePosition|0
16:07:22.0 (8999940)|STATEMENT_EXECUTE|[28]
16:07:22.0 (9001146)|STATEMENT_EXECUTE|[29]
16:07:22.0 (9005465)|VARIABLE_ASSIGNMENT|[29]|highestPrice|5000.00
16:07:22.0 (9010440)|STATEMENT_EXECUTE|[30]
16:07:22.0 (9012007)|HEAP_ALLOCATE|[30]|Bytes:4
16:07:22.0 (9016624)|VARIABLE_ASSIGNMENT|[30]|highestPricePosition|0
16:07:22.0 (9020928)|HEAP_ALLOCATE|[22]|Bytes:4
16:07:22.0 (9025163)|VARIABLE_ASSIGNMENT|[22]|i|1
16:07:22.0 (9036473)|STATEMENT_EXECUTE|[22]
16:07:22.0 (9037735)|STATEMENT_EXECUTE|[23]
16:07:22.0 (9044662)|HEAP_ALLOCATE|[23]|Bytes:28
16:07:22.0 (9048194)|HEAP_ALLOCATE|[23]|Bytes:28
16:07:22.0 (9053935)|VARIABLE_SCOPE_BEGIN|[23]|currentPrice|Decimal|false|false
16:07:22.0 (9062602)|VARIABLE_ASSIGNMENT|[23]|currentPrice|6000.00
16:07:22.0 (9112048)|STATEMENT_EXECUTE|[24]
16:07:22.0 (9132188)|STATEMENT_EXECUTE|[28]
16:07:22.0 (9133658)|STATEMENT_EXECUTE|[29]
16:07:22.0 (9137674)|VARIABLE_ASSIGNMENT|[29]|highestPrice|6000.00
16:07:22.0 (9142094)|STATEMENT_EXECUTE|[30]
16:07:22.0 (9143846)|HEAP_ALLOCATE|[30]|Bytes:4
16:07:22.0 (9148322)|VARIABLE_ASSIGNMENT|[30]|highestPricePosition|1
16:07:22.0 (9151831)|HEAP_ALLOCATE|[22]|Bytes:4
16:07:22.0 (9155786)|VARIABLE_ASSIGNMENT|[22]|i|2
16:07:22.0 (9166404)|STATEMENT_EXECUTE|[22]
16:07:22.0 (9167760)|STATEMENT_EXECUTE|[23]
16:07:22.0 (9174145)|HEAP_ALLOCATE|[23]|Bytes:28
16:07:22.0 (9177265)|HEAP_ALLOCATE|[23]|Bytes:28
16:07:22.0 (9183001)|VARIABLE_SCOPE_BEGIN|[23]|currentPrice|Decimal|false|false
16:07:22.0 (9190519)|VARIABLE_ASSIGNMENT|[23]|currentPrice|4800.00
16:07:22.0 (9210171)|STATEMENT_EXECUTE|[24]
16:07:22.0 (9211907)|STATEMENT_EXECUTE|[25]
16:07:22.0 (9215078)|VARIABLE_ASSIGNMENT|[25]|lowestPrice|4800.00
16:07:22.0 (9219230)|STATEMENT_EXECUTE|[26]
16:07:22.0 (9220833)|HEAP_ALLOCATE|[26]|Bytes:4
16:07:22.0 (9224993)|VARIABLE_ASSIGNMENT|[26]|lowestPricePosition|2
16:07:22.0 (9240863)|STATEMENT_EXECUTE|[28]
16:07:22.0 (9242825)|HEAP_ALLOCATE|[22]|Bytes:4
16:07:22.0 (9248553)|VARIABLE_ASSIGNMENT|[22]|i|3
16:07:22.0 (9259198)|STATEMENT_EXECUTE|[35]
16:07:22.0 (9274224)|HEAP_ALLOCATE|[35]|Bytes:6
16:07:22.0 (9569527)|VARIABLE_ASSIGNMENT|[35]|this.Leading_Competitor__c|"Oracle"|0x4ffc0903
16:07:22.0 (9577749)|STATEMENT_EXECUTE|[36]
16:07:22.0 (9600151)|HEAP_ALLOCATE|[36]|Bytes:6
16:07:22.0 (9868642)|VARIABLE_ASSIGNMENT|[36]|this.Most_Expensivest__c|"Amazon"|0x4ffc0903
16:07:22.0 (9876345)|STATEMENT_EXECUTE|[37]
16:07:22.0 (9902638)|HEAP_ALLOCATE|[37]|Bytes:28
16:07:22.0 (9907600)|HEAP_ALLOCATE|[37]|Bytes:28
16:07:22.0 (10199663)|VARIABLE_ASSIGNMENT|[37]|this.Most_Expensivest_Price__c|6000.00|0x4ffc0903
16:07:22.0 (10220506)|HEAP_ALLOCATE|[4]|Bytes:5
16:07:22.0 (10234353)|VARIABLE_ASSIGNMENT|[4]|opp|null|
16:07:22.10 (10243136)|CUMULATIVE_LIMIT_USAGE
16:07:22.10 (10243136)|LIMIT_USAGE_FOR_NS|(default)|
  Number of SOQL queries: 0 out of 100
  Number of query rows: 0 out of 50000
  Number of SOSL queries: 0 out of 20
  Number of DML statements: 0 out of 150
  Number of DML rows: 0 out of 10000
  Maximum CPU time: 0 out of 10000
  Maximum heap size: 0 out of 6000000
  Number of callouts: 0 out of 100
  Number of Email Invocations: 0 out of 10
  Number of future calls: 0 out of 50
  Number of queueable jobs added to the queue: 0 out of 50
  Number of Mobile Apex push calls: 0 out of 10

16:07:22.10 (10243136)|CUMULATIVE_LIMIT_USAGE_END

16:07:22.0 (11139677)|CODE_UNIT_FINISHED|LeadingCompetitor on Opportunity trigger event BeforeUpdate
16:07:22.0 (123171623)|CODE_UNIT_FINISHED|TRIGGERS
16:07:22.0 (123186813)|EXECUTION_FINISHED
