42.0 APEX_CODE,FINEST;APEX_PROFILING,INFO;CALLOUT,INFO;DB,INFO;SYSTEM,DEBUG;VALIDATION,INFO;VISUALFORCE,INFO;WAVE,INFO;WORKFLOW,INFO
16:03:49.0 (277628)|USER_INFO|[EXTERNAL]|0051N000005uzmp|craig-rupp@apex-academy.com|Pacific Standard Time|GMT-08:00
16:03:49.0 (310205)|EXECUTION_STARTED
16:03:49.0 (316605)|CODE_UNIT_STARTED|[EXTERNAL]|VisualForce View State
16:03:49.0 (157186333)|HEAP_ALLOCATE|[72]|Bytes:3
16:03:49.0 (157250863)|HEAP_ALLOCATE|[77]|Bytes:152
16:03:49.0 (157268466)|HEAP_ALLOCATE|[342]|Bytes:408
16:03:49.0 (157284505)|HEAP_ALLOCATE|[355]|Bytes:408
16:03:49.0 (157298809)|HEAP_ALLOCATE|[467]|Bytes:48
16:03:49.0 (157325625)|HEAP_ALLOCATE|[139]|Bytes:6
16:03:49.0 (157346617)|HEAP_ALLOCATE|[50]|Bytes:5
16:03:49.0 (157363414)|HEAP_ALLOCATE|[56]|Bytes:5
16:03:49.0 (157370357)|HEAP_ALLOCATE|[64]|Bytes:7
16:03:49.0 (158910058)|CODE_UNIT_FINISHED|VisualForce View State
16:03:49.0 (160167069)|EXECUTION_FINISHED
16:03:49.161 (161448616)|USER_INFO|[EXTERNAL]|0051N000005uzmp|craig-rupp@apex-academy.com|Pacific Standard Time|GMT-08:00
16:03:49.161 (161495226)|SYSTEM_MODE_ENTER|true
16:03:49.161 (161676396)|HEAP_ALLOCATE|[EXTERNAL]|Bytes:38
16:03:49.161 (161703822)|HEAP_ALLOCATE|[EXTERNAL]|Bytes:7
16:03:49.161 (161724448)|SYSTEM_METHOD_ENTRY|[1]|PageMessagesComponentController.PageMessagesComponentController()
16:03:49.161 (161729605)|STATEMENT_EXECUTE|[1]
16:03:49.695 (695465460)|CUMULATIVE_LIMIT_USAGE
16:03:49.695 (695465460)|LIMIT_USAGE_FOR_NS|(default)|
  Number of SOQL queries: 0 out of 100
  Number of query rows: 0 out of 50000
  Number of SOSL queries: 0 out of 20
  Number of DML statements: 0 out of 150
  Number of DML rows: 0 out of 10000
  Maximum CPU time: 0 out of 10000
  Maximum heap size: 0 out of 6000000
  Number of callouts: 0 out of 100
  Number of Email Invocations: 0 out of 10
  Number of future calls: 0 out of 50
  Number of queueable jobs added to the queue: 0 out of 50
  Number of Mobile Apex push calls: 0 out of 10

16:03:49.695 (695465460)|CUMULATIVE_LIMIT_USAGE_END

