36.0 APEX_CODE,FINEST;APEX_PROFILING,INFO;CALLOUT,INFO;DB,INFO;SYSTEM,DEBUG;VALIDATION,INFO;VISUALFORCE,INFO;WAVE,INFO;WORKFLOW,INFO
20:18:01.0 (310113)|USER_INFO|[EXTERNAL]|0051N000005uzmp|craig-rupp@apex-academy.com|Pacific Standard Time|GMT-08:00
20:18:01.0 (339780)|EXECUTION_STARTED
20:18:01.0 (343265)|CODE_UNIT_STARTED|[EXTERNAL]|TRIGGERS
20:18:01.0 (371324)|CODE_UNIT_STARTED|[EXTERNAL]|01q1N000001mO2l|WarrantySummary on Case trigger event BeforeInsert for [new]
20:18:01.0 (402610)|HEAP_ALLOCATE|[EXTERNAL]|Bytes:8
20:18:01.0 (704838)|HEAP_ALLOCATE|[72]|Bytes:3
20:18:01.0 (728537)|HEAP_ALLOCATE|[77]|Bytes:152
20:18:01.0 (745790)|HEAP_ALLOCATE|[342]|Bytes:408
20:18:01.0 (759586)|HEAP_ALLOCATE|[355]|Bytes:408
20:18:01.0 (772349)|HEAP_ALLOCATE|[467]|Bytes:48
20:18:01.0 (793050)|HEAP_ALLOCATE|[139]|Bytes:6
20:18:01.0 (815979)|HEAP_ALLOCATE|[EXTERNAL]|Bytes:4
20:18:01.0 (824577)|VARIABLE_SCOPE_BEGIN|[1]|this|WarrantySummary|true|false
20:18:01.0 (870096)|VARIABLE_ASSIGNMENT|[1]|this|{}|0x1e85edd9
20:18:01.0 (911480)|HEAP_ALLOCATE|[EXTERNAL]|Bytes:4
20:18:01.0 (918426)|VARIABLE_SCOPE_BEGIN|[1]|this|WarrantySummary|true|false
20:18:01.0 (929006)|VARIABLE_ASSIGNMENT|[1]|this|{}|0x1e85edd9
20:18:01.0 (935536)|STATEMENT_EXECUTE|[1]
20:18:01.0 (961502)|HEAP_ALLOCATE|[50]|Bytes:5
20:18:01.0 (976695)|HEAP_ALLOCATE|[56]|Bytes:5
20:18:01.0 (984065)|HEAP_ALLOCATE|[64]|Bytes:7
20:18:01.0 (1233400)|HEAP_ALLOCATE|[2]|Bytes:5
20:18:01.0 (1253247)|HEAP_ALLOCATE|[2]|Bytes:4
20:18:01.0 (1261671)|VARIABLE_SCOPE_BEGIN|[2]|myCase|Case|true|false
20:18:01.0 (2041708)|VARIABLE_ASSIGNMENT|[2]|myCase|{"Origin":"Email","Status":"New","IsDeleted":false,"Description":"SSN","IsEscalated":false,"OwnerId":"0051N000005uzmpQAA","Priority":"Medium","Product_Total_Warran (10 more) ...":30,"IsClosedOnCreate":false,"Product_Has_Extended (12 more) ...":true,"IsClosed":false,"Product_Purchase_Dat (4 more) ...":"2018-01-30T00:00:00.000Z"}|0x75937158
20:18:01.0 (2055172)|STATEMENT_EXECUTE|[2]
20:18:01.0 (2056668)|STATEMENT_EXECUTE|[3]
20:18:01.0 (2111568)|HEAP_ALLOCATE|[3]|Bytes:9
20:18:01.0 (2122551)|VARIABLE_SCOPE_BEGIN|[3]|purchaseDate|String|false|false
20:18:01.0 (2132861)|VARIABLE_ASSIGNMENT|[3]|purchaseDate|"1/30/2018"
20:18:01.0 (2136856)|STATEMENT_EXECUTE|[4]
20:18:01.0 (2165715)|HEAP_ALLOCATE|[4]|Bytes:56
20:18:01.0 (2207623)|HEAP_ALLOCATE|[4]|Bytes:17
20:18:01.0 (2215427)|VARIABLE_SCOPE_BEGIN|[4]|createdDate|String|false|false
20:18:01.0 (2224845)|VARIABLE_ASSIGNMENT|[4]|createdDate|"1/30/2018 8:18 PM"
20:18:01.0 (2228560)|STATEMENT_EXECUTE|[5]
20:18:01.0 (2288944)|VARIABLE_SCOPE_BEGIN|[5]|warrantyDays|Integer|false|false
20:18:01.0 (2297484)|HEAP_ALLOCATE|[5]|Bytes:4
20:18:01.0 (2303495)|VARIABLE_ASSIGNMENT|[5]|warrantyDays|30
20:18:01.0 (2307329)|STATEMENT_EXECUTE|[6]
20:18:01.0 (2316769)|HEAP_ALLOCATE|[6]|Bytes:28
20:18:01.0 (2345735)|HEAP_ALLOCATE|[6]|Bytes:4
20:18:01.0 (2368491)|HEAP_ALLOCATE|[6]|Bytes:28
20:18:01.0 (2371457)|HEAP_ALLOCATE|[6]|Bytes:28
20:18:01.0 (2403274)|HEAP_ALLOCATE|[6]|Bytes:28
20:18:01.0 (2406652)|HEAP_ALLOCATE|[6]|Bytes:28
20:18:01.0 (2426076)|HEAP_ALLOCATE|[6]|Bytes:28
20:18:01.0 (2428927)|HEAP_ALLOCATE|[6]|Bytes:28
20:18:01.0 (2450193)|HEAP_ALLOCATE|[6]|Bytes:28
20:18:01.0 (2453606)|HEAP_ALLOCATE|[6]|Bytes:28
20:18:01.0 (2461252)|VARIABLE_SCOPE_BEGIN|[6]|warrantyPercentage|Decimal|false|false
20:18:01.0 (2471280)|VARIABLE_ASSIGNMENT|[6]|warrantyPercentage|0.00
20:18:01.0 (2474562)|STATEMENT_EXECUTE|[8]
20:18:01.0 (2487780)|VARIABLE_SCOPE_BEGIN|[8]|extendedWarranty|Boolean|false|false
20:18:01.0 (2495645)|VARIABLE_ASSIGNMENT|[8]|extendedWarranty|true
20:18:01.0 (2499188)|STATEMENT_EXECUTE|[11]
20:18:01.0 (2502349)|HEAP_ALLOCATE|[11]|Bytes:21
20:18:01.0 (2506071)|HEAP_ALLOCATE|[12]|Bytes:21
20:18:01.0 (2508881)|HEAP_ALLOCATE|[12]|Bytes:18
20:18:01.0 (2537961)|HEAP_ALLOCATE|[13]|Bytes:2
20:18:01.0 (2552924)|HEAP_ALLOCATE|[11]|Bytes:88
20:18:01.0 (2557155)|HEAP_ALLOCATE|[13]|Bytes:15
20:18:01.0 (2566013)|HEAP_ALLOCATE|[13]|Bytes:4
20:18:01.0 (2572568)|HEAP_ALLOCATE|[13]|Bytes:58
20:18:01.0 (2586419)|HEAP_ALLOCATE|[14]|Bytes:4
20:18:01.0 (2594130)|HEAP_ALLOCATE|[14]|Bytes:18
20:18:01.0 (2601479)|HEAP_ALLOCATE|[11]|Bytes:99
20:18:01.0 (2607574)|HEAP_ALLOCATE|[11]|Bytes:187
20:18:01.0 (2970227)|VARIABLE_ASSIGNMENT|[11]|this.Warranty_Summary__c|"Product purchased on (167 more) ..."|0x75937158
20:18:01.0 (2988844)|HEAP_ALLOCATE|[2]|Bytes:5
20:18:01.0 (3001205)|VARIABLE_ASSIGNMENT|[2]|myCase|null|
20:18:01.3 (3010473)|CUMULATIVE_LIMIT_USAGE
20:18:01.3 (3010473)|LIMIT_USAGE_FOR_NS|(default)|
  Number of SOQL queries: 0 out of 100
  Number of query rows: 0 out of 50000
  Number of SOSL queries: 0 out of 20
  Number of DML statements: 0 out of 150
  Number of DML rows: 0 out of 10000
  Maximum CPU time: 0 out of 10000
  Maximum heap size: 0 out of 6000000
  Number of callouts: 0 out of 100
  Number of Email Invocations: 0 out of 10
  Number of future calls: 0 out of 50
  Number of queueable jobs added to the queue: 0 out of 50
  Number of Mobile Apex push calls: 0 out of 10

20:18:01.3 (3010473)|CUMULATIVE_LIMIT_USAGE_END

20:18:01.0 (3978593)|CODE_UNIT_FINISHED|WarrantySummary on Case trigger event BeforeInsert for [new]
20:18:01.0 (160138276)|CODE_UNIT_STARTED|[EXTERNAL]|01q1N000001nSwS|CheckSecretInfo on Case trigger event AfterInsert for [5001N00000YUJFI]
20:18:01.0 (160202304)|HEAP_ALLOCATE|[EXTERNAL]|Bytes:8
20:18:01.0 (160390838)|HEAP_ALLOCATE|[EXTERNAL]|Bytes:2
20:18:01.0 (160432476)|HEAP_ALLOCATE|[EXTERNAL]|Bytes:16
20:18:01.0 (160449239)|VARIABLE_SCOPE_BEGIN|[1]|this|CheckSecretInfo|true|false
20:18:01.0 (160505560)|VARIABLE_ASSIGNMENT|[1]|this|{}|0x7611e211
20:18:01.0 (160568235)|HEAP_ALLOCATE|[EXTERNAL]|Bytes:16
20:18:01.0 (160759839)|VARIABLE_SCOPE_BEGIN|[1]|this|CheckSecretInfo|true|false
20:18:01.0 (160784669)|VARIABLE_ASSIGNMENT|[1]|this|{}|0x7611e211
20:18:01.0 (160796417)|STATEMENT_EXECUTE|[1]
20:18:01.0 (160798731)|STATEMENT_EXECUTE|[3]
20:18:01.0 (160804126)|HEAP_ALLOCATE|[3]|Bytes:44
20:18:01.0 (160863935)|VARIABLE_ASSIGNMENT|[3]|this.childCaseSubject|"Warning: Parent case (24 more) ..."|0x7611e211
20:18:01.0 (160873625)|STATEMENT_EXECUTE|[5]
20:18:01.0 (160892349)|HEAP_ALLOCATE|[5]|Bytes:4
20:18:01.0 (160978517)|VARIABLE_ASSIGNMENT|[5]|this.secretKeyword|[]|0x7611e211
20:18:01.0 (160987193)|STATEMENT_EXECUTE|[6]
20:18:01.0 (161060676)|HEAP_ALLOCATE|[6]|Bytes:11
20:18:01.0 (161113340)|HEAP_ALLOCATE|[EXTERNAL]|Bytes:4
20:18:01.0 (161127612)|STATEMENT_EXECUTE|[7]
20:18:01.0 (161139629)|HEAP_ALLOCATE|[7]|Bytes:15
20:18:01.0 (161179898)|HEAP_ALLOCATE|[EXTERNAL]|Bytes:4
20:18:01.0 (161189813)|STATEMENT_EXECUTE|[8]
20:18:01.0 (161199204)|HEAP_ALLOCATE|[8]|Bytes:3
20:18:01.0 (161219440)|HEAP_ALLOCATE|[EXTERNAL]|Bytes:4
20:18:01.0 (161227778)|STATEMENT_EXECUTE|[9]
20:18:01.0 (161235653)|HEAP_ALLOCATE|[9]|Bytes:9
20:18:01.0 (161254510)|HEAP_ALLOCATE|[EXTERNAL]|Bytes:4
20:18:01.0 (161262837)|STATEMENT_EXECUTE|[10]
20:18:01.0 (161270856)|HEAP_ALLOCATE|[10]|Bytes:8
20:18:01.0 (161291935)|HEAP_ALLOCATE|[EXTERNAL]|Bytes:4
20:18:01.0 (161300896)|STATEMENT_EXECUTE|[13]
20:18:01.0 (161325226)|HEAP_ALLOCATE|[13]|Bytes:4
20:18:01.0 (161364882)|HEAP_ALLOCATE|[EXTERNAL]|Bytes:4
20:18:01.0 (161379384)|VARIABLE_ASSIGNMENT|[13]|this.secretInfoCases|[]|0x7611e211
20:18:01.0 (161470728)|HEAP_ALLOCATE|[14]|Bytes:5
20:18:01.0 (161498503)|VARIABLE_SCOPE_BEGIN|[14]|myCase|Case|true|false
20:18:01.0 (162019461)|VARIABLE_ASSIGNMENT|[14]|myCase|{"Origin":"Email","Status":"New","LastModifiedDate":"2018-01-31T04:18:01.000Z","IsDeleted":false,"Description":"SSN","Priority":"Medium","Product_Has_Extended (12 more) ...":true,"IsClosed":false,"Warranty_Summary__c":"Product purchased on (167 more) ...","SystemModstamp":"2018-01-31T04:18:01.000Z","BusinessHoursId":"01m1N000000BA7uQAG","CreatedById":"0051N000005uzmpQAA","IsEscalated":false,"OwnerId":"0051N000005uzmpQAA","Product_Total_Warran (10 more) ...":30,"CreatedDate":"2018-01-31T04:18:01.000Z","IsClosedOnCreate":false,"CaseNumber":"00001029","Id":"5001N00000YUJFIQA5","LastModifiedById":"0051N000005uzmpQAA","Product_Purchase_Dat (4 more) ...":"2018-01-30T00:00:00.000Z"}|0x181e9818
20:18:01.0 (162050916)|STATEMENT_EXECUTE|[14]
20:18:01.0 (162084040)|STATEMENT_EXECUTE|[15]
20:18:01.0 (162096433)|HEAP_ALLOCATE|[16]|Bytes:4
20:18:01.0 (162137447)|HEAP_ALLOCATE|[16]|Bytes:20
20:18:01.0 (162161764)|HEAP_ALLOCATE|[16]|Bytes:5
20:18:01.0 (162175040)|VARIABLE_SCOPE_BEGIN|[16]|keyword|String|false|false
20:18:01.0 (162185525)|VARIABLE_ASSIGNMENT|[16]|keyword|"Credit Card"
20:18:01.0 (162189646)|STATEMENT_EXECUTE|[16]
20:18:01.0 (162265703)|STATEMENT_EXECUTE|[17]
20:18:01.0 (162277011)|HEAP_ALLOCATE|[16]|Bytes:5
20:18:01.0 (162289184)|VARIABLE_SCOPE_BEGIN|[16]|keyword|String|false|false
20:18:01.0 (162298705)|VARIABLE_ASSIGNMENT|[16]|keyword|"Social Security"
20:18:01.0 (162302248)|STATEMENT_EXECUTE|[16]
20:18:01.0 (162319117)|STATEMENT_EXECUTE|[17]
20:18:01.0 (162325043)|HEAP_ALLOCATE|[16]|Bytes:5
20:18:01.0 (162335335)|VARIABLE_SCOPE_BEGIN|[16]|keyword|String|false|false
20:18:01.0 (162346298)|VARIABLE_ASSIGNMENT|[16]|keyword|"SSN"
20:18:01.0 (162352106)|STATEMENT_EXECUTE|[16]
20:18:01.0 (162376307)|STATEMENT_EXECUTE|[17]
20:18:01.0 (162378286)|STATEMENT_EXECUTE|[18]
20:18:01.0 (162407782)|HEAP_ALLOCATE|[EXTERNAL]|Bytes:4
20:18:01.0 (162416600)|STATEMENT_EXECUTE|[19]
20:18:01.0 (162420783)|HEAP_ALLOCATE|[19]|Bytes:5
20:18:01.0 (162474452)|HEAP_ALLOCATE|[19]|Bytes:18
20:18:01.0 (162491165)|HEAP_ALLOCATE|[19]|Bytes:24
20:18:01.0 (162505072)|HEAP_ALLOCATE|[19]|Bytes:50
20:18:01.0 (162532151)|USER_DEBUG|[19]|DEBUG|Case 5001N00000YUJFIQA5 include secret keyword SSN
20:18:01.0 (162542651)|STATEMENT_EXECUTE|[20]
20:18:01.0 (162550555)|VARIABLE_ASSIGNMENT|[16]|keyword|null
20:18:01.0 (162567648)|HEAP_ALLOCATE|[14]|Bytes:5
20:18:01.0 (162582917)|VARIABLE_ASSIGNMENT|[14]|myCase|null|
20:18:01.0 (162624421)|HEAP_ALLOCATE|[26]|Bytes:5
20:18:01.0 (162639584)|VARIABLE_SCOPE_BEGIN|[26]|secretInfoCase|Case|true|false
20:18:01.0 (162982878)|VARIABLE_ASSIGNMENT|[26]|secretInfoCase|{"Origin":"Email","Status":"New","LastModifiedDate":"2018-01-31T04:18:01.000Z","IsDeleted":false,"Description":"SSN","Priority":"Medium","Product_Has_Extended (12 more) ...":true,"IsClosed":false,"Warranty_Summary__c":"Product purchased on (167 more) ...","SystemModstamp":"2018-01-31T04:18:01.000Z","BusinessHoursId":"01m1N000000BA7uQAG","CreatedById":"0051N000005uzmpQAA","IsEscalated":false,"OwnerId":"0051N000005uzmpQAA","Product_Total_Warran (10 more) ...":30,"CreatedDate":"2018-01-31T04:18:01.000Z","IsClosedOnCreate":false,"CaseNumber":"00001029","Id":"5001N00000YUJFIQA5","LastModifiedById":"0051N000005uzmpQAA","Product_Purchase_Dat (4 more) ...":"2018-01-30T00:00:00.000Z"}|0x181e9818
20:18:01.0 (162997836)|STATEMENT_EXECUTE|[26]
20:18:01.0 (162999130)|STATEMENT_EXECUTE|[27]
20:18:01.0 (163018096)|HEAP_ALLOCATE|[27]|Bytes:4
20:18:01.0 (163141358)|VARIABLE_SCOPE_BEGIN|[27]|childCase|Case|true|false
20:18:01.0 (163156820)|VARIABLE_ASSIGNMENT|[27]|childCase|{}|0x56288c14
20:18:01.0 (163161909)|STATEMENT_EXECUTE|[28]
20:18:01.0 (163212350)|VARIABLE_ASSIGNMENT|[28]|this.Subject|"Warning: Parent case (24 more) ..."|0x56288c14
20:18:01.0 (163218141)|STATEMENT_EXECUTE|[29]
20:18:01.0 (163249810)|VARIABLE_ASSIGNMENT|[29]|this.ParentId|"5001N00000YUJFIQA5"|0x56288c14
20:18:01.0 (163254800)|STATEMENT_EXECUTE|[30]
20:18:01.0 (163270361)|VARIABLE_ASSIGNMENT|[30]|this.IsEscalated|true|0x56288c14
20:18:01.0 (163275739)|STATEMENT_EXECUTE|[31]
20:18:01.0 (163278734)|HEAP_ALLOCATE|[31]|Bytes:4
20:18:01.0 (163294138)|VARIABLE_ASSIGNMENT|[31]|this.Priority|"High"|0x56288c14
20:18:01.0 (163308115)|STATEMENT_EXECUTE|[32]
20:18:01.0 (163310793)|HEAP_ALLOCATE|[32]|Bytes:49
20:18:01.0 (163358025)|HEAP_ALLOCATE|[32]|Bytes:56
20:18:01.0 (163372623)|HEAP_ALLOCATE|[32]|Bytes:105
20:18:01.0 (163396713)|VARIABLE_ASSIGNMENT|[32]|this.Description|"At least one of the  (85 more) ..."|0x56288c14
20:18:01.0 (163402529)|STATEMENT_EXECUTE|[33]
20:18:01.0 (163420550)|HEAP_ALLOCATE|[33]|Bytes:8
20:18:01.0 (163434100)|DML_BEGIN|[33]|Op:Insert|Type:Case|Rows:1
20:18:01.0 (163464820)|HEAP_ALLOCATE|[EXTERNAL]|Bytes:8
20:18:01.0 (165287747)|CODE_UNIT_STARTED|[EXTERNAL]|01q1N000001mO2l|WarrantySummary on Case trigger event BeforeInsert for [new]
20:18:01.0 (165326240)|HEAP_ALLOCATE|[EXTERNAL]|Bytes:8
20:18:01.0 (165367340)|HEAP_ALLOCATE|[EXTERNAL]|Bytes:4
20:18:01.0 (165376944)|VARIABLE_SCOPE_BEGIN|[1]|this|WarrantySummary|true|false
20:18:01.0 (165400609)|VARIABLE_ASSIGNMENT|[1]|this|{}|0x5283b44f
20:18:01.0 (165436231)|HEAP_ALLOCATE|[EXTERNAL]|Bytes:4
20:18:01.0 (165444785)|VARIABLE_SCOPE_BEGIN|[1]|this|WarrantySummary|true|false
20:18:01.0 (165458985)|VARIABLE_ASSIGNMENT|[1]|this|{}|0x5283b44f
20:18:01.0 (165467489)|STATEMENT_EXECUTE|[1]
20:18:01.0 (165526375)|HEAP_ALLOCATE|[2]|Bytes:5
20:18:01.0 (165545292)|HEAP_ALLOCATE|[2]|Bytes:4
20:18:01.0 (165555280)|VARIABLE_SCOPE_BEGIN|[2]|myCase|Case|true|false
20:18:01.0 (165955005)|VARIABLE_ASSIGNMENT|[2]|myCase|{"Status":"New","ParentId":"5001N00000YUJFIQA5","IsDeleted":false,"Description":"At least one of the  (85 more) ...","IsEscalated":true,"OwnerId":"0051N000005uzmpQAA","Priority":"High","IsClosedOnCreate":false,"Product_Has_Extended (12 more) ...":false,"IsClosed":false,"Subject":"Warning: Parent case (24 more) ..."}|0x22dea15c
20:18:01.0 (165972338)|STATEMENT_EXECUTE|[2]
20:18:01.0 (165974156)|STATEMENT_EXECUTE|[3]
20:18:01.0 (166051290)|HEAP_ALLOCATE|[3]|Bytes:41
20:18:01.0 (166221169)|FATAL_ERROR|System.NullPointerException: Attempt to de-reference a null object

Trigger.WarrantySummary: line 3, column 1
20:18:01.0 (166234758)|FATAL_ERROR|System.NullPointerException: Attempt to de-reference a null object

Trigger.WarrantySummary: line 3, column 1
20:18:01.166 (166295012)|CUMULATIVE_LIMIT_USAGE
20:18:01.166 (166295012)|LIMIT_USAGE_FOR_NS|(default)|
  Number of SOQL queries: 0 out of 100
  Number of query rows: 0 out of 50000
  Number of SOSL queries: 0 out of 20
  Number of DML statements: 1 out of 150
  Number of DML rows: 1 out of 10000
  Maximum CPU time: 0 out of 10000
  Maximum heap size: 0 out of 6000000
  Number of callouts: 0 out of 100
  Number of Email Invocations: 0 out of 10
  Number of future calls: 0 out of 50
  Number of queueable jobs added to the queue: 0 out of 50
  Number of Mobile Apex push calls: 0 out of 10

20:18:01.166 (166295012)|CUMULATIVE_LIMIT_USAGE_END

20:18:01.0 (167142828)|CODE_UNIT_FINISHED|WarrantySummary on Case trigger event BeforeInsert for [new]
