41.0 APEX_CODE,FINEST;APEX_PROFILING,INFO;CALLOUT,INFO;DB,INFO;SYSTEM,DEBUG;VALIDATION,INFO;VISUALFORCE,INFO;WAVE,INFO;WORKFLOW,INFO
16:07:45.0 (285951)|USER_INFO|[EXTERNAL]|0051N000005uzmp|craig-rupp@apex-academy.com|Pacific Standard Time|GMT-08:00
16:07:45.0 (470888)|EXECUTION_STARTED
16:07:45.0 (475108)|CODE_UNIT_STARTED|[EXTERNAL]|TRIGGERS
16:07:45.0 (500619)|CODE_UNIT_STARTED|[EXTERNAL]|01q1N000001lLJr|AmountUpdate on Opportunity trigger event BeforeUpdate
16:07:45.0 (528903)|HEAP_ALLOCATE|[EXTERNAL]|Bytes:8
16:07:45.0 (680953)|HEAP_ALLOCATE|[EXTERNAL]|Bytes:8
16:07:45.0 (1005073)|HEAP_ALLOCATE|[72]|Bytes:3
16:07:45.0 (1062139)|HEAP_ALLOCATE|[77]|Bytes:152
16:07:45.0 (1078746)|HEAP_ALLOCATE|[342]|Bytes:408
16:07:45.0 (1093787)|HEAP_ALLOCATE|[355]|Bytes:408
16:07:45.0 (1106831)|HEAP_ALLOCATE|[467]|Bytes:48
16:07:45.0 (1159028)|HEAP_ALLOCATE|[139]|Bytes:6
16:07:45.0 (1180310)|HEAP_ALLOCATE|[EXTERNAL]|Bytes:4
16:07:45.0 (1198053)|VARIABLE_SCOPE_BEGIN|[1]|this|AmountUpdate|true|false
16:07:45.0 (1365873)|VARIABLE_ASSIGNMENT|[1]|this|{}|0x3a990b7d
16:07:45.0 (1433837)|HEAP_ALLOCATE|[EXTERNAL]|Bytes:4
16:07:45.0 (1449186)|VARIABLE_SCOPE_BEGIN|[1]|this|AmountUpdate|true|false
16:07:45.0 (1462397)|VARIABLE_ASSIGNMENT|[1]|this|{}|0x3a990b7d
16:07:45.0 (1469765)|STATEMENT_EXECUTE|[1]
16:07:45.0 (1498622)|HEAP_ALLOCATE|[50]|Bytes:5
16:07:45.0 (1518401)|HEAP_ALLOCATE|[56]|Bytes:5
16:07:45.0 (1527175)|HEAP_ALLOCATE|[64]|Bytes:7
16:07:45.0 (1877247)|HEAP_ALLOCATE|[2]|Bytes:5
16:07:45.0 (1904882)|HEAP_ALLOCATE|[2]|Bytes:4
16:07:45.0 (1914196)|VARIABLE_SCOPE_BEGIN|[2]|opp|Opportunity|true|false
16:07:45.0 (2567996)|VARIABLE_ASSIGNMENT|[2]|opp|{"LastModifiedDate":"2018-02-08T00:04:42.000Z","IsDeleted":false,"HasOpportunityLineIt (2 more) ...":false,"StageName":"Prospecting","Amount":9600.00,"Probability":10,"ForecastCategory":"Pipeline","IsClosed":false,"CloseDate":"2018-02-05T00:00:00.000Z","Name":"Comparable Please","SystemModstamp":"2018-02-08T00:04:42.000Z","HasOpenActivity":false,"ExpectedRevenue":960.00,"CreatedById":"0051N000005uzmpQAA","OwnerId":"0051N000005uzmpQAA","IsWon":false,"CreatedDate":"2018-02-08T00:04:42.000Z","HasOverdueTask":false,"Id":"0061N00000VW0SCQA1","ForecastCategoryName":"Pipeline","IsPrivate":false,"LastModifiedById":"0051N000005uzmpQAA"}|0x4797c989
16:07:45.0 (2586574)|STATEMENT_EXECUTE|[2]
16:07:45.0 (2588347)|STATEMENT_EXECUTE|[3]
16:07:45.0 (2614224)|HEAP_ALLOCATE|[3]|Bytes:28
16:07:45.0 (2916626)|VARIABLE_ASSIGNMENT|[3]|this.Amount|10000|0x4797c989
16:07:45.0 (2936699)|HEAP_ALLOCATE|[2]|Bytes:5
16:07:45.0 (2950313)|VARIABLE_ASSIGNMENT|[2]|opp|null|
16:07:45.2 (2958249)|CUMULATIVE_LIMIT_USAGE
16:07:45.2 (2958249)|LIMIT_USAGE_FOR_NS|(default)|
  Number of SOQL queries: 0 out of 100
  Number of query rows: 0 out of 50000
  Number of SOSL queries: 0 out of 20
  Number of DML statements: 0 out of 150
  Number of DML rows: 0 out of 10000
  Maximum CPU time: 0 out of 10000
  Maximum heap size: 0 out of 6000000
  Number of callouts: 0 out of 100
  Number of Email Invocations: 0 out of 10
  Number of future calls: 0 out of 50
  Number of queueable jobs added to the queue: 0 out of 50
  Number of Mobile Apex push calls: 0 out of 10

16:07:45.2 (2958249)|CUMULATIVE_LIMIT_USAGE_END

16:07:45.0 (3801688)|CODE_UNIT_FINISHED|AmountUpdate on Opportunity trigger event BeforeUpdate
16:07:45.0 (25420999)|CODE_UNIT_STARTED|[EXTERNAL]|01q1N000001nQqf|LeadingCompetitor on Opportunity trigger event BeforeUpdate
16:07:45.0 (25460899)|HEAP_ALLOCATE|[EXTERNAL]|Bytes:8
16:07:45.0 (25469508)|HEAP_ALLOCATE|[EXTERNAL]|Bytes:8
16:07:45.0 (25544511)|HEAP_ALLOCATE|[EXTERNAL]|Bytes:4
16:07:45.0 (25555264)|VARIABLE_SCOPE_BEGIN|[1]|this|LeadingCompetitor|true|false
16:07:45.0 (25589479)|VARIABLE_ASSIGNMENT|[1]|this|{}|0x236bacec
16:07:45.0 (25630556)|HEAP_ALLOCATE|[EXTERNAL]|Bytes:4
16:07:45.0 (25638579)|VARIABLE_SCOPE_BEGIN|[1]|this|LeadingCompetitor|true|false
16:07:45.0 (25650599)|VARIABLE_ASSIGNMENT|[1]|this|{}|0x236bacec
16:07:45.0 (25658105)|STATEMENT_EXECUTE|[1]
16:07:45.0 (25735998)|HEAP_ALLOCATE|[4]|Bytes:5
16:07:45.0 (25753545)|HEAP_ALLOCATE|[4]|Bytes:4
16:07:45.0 (25762664)|VARIABLE_SCOPE_BEGIN|[4]|opp|Opportunity|true|false
16:07:45.0 (26187477)|VARIABLE_ASSIGNMENT|[4]|opp|{"LastModifiedDate":"2018-02-08T00:04:42.000Z","IsDeleted":false,"HasOpportunityLineIt (2 more) ...":false,"StageName":"Prospecting","Amount":10000,"Probability":10,"ForecastCategory":"Pipeline","IsClosed":false,"CloseDate":"2018-02-05T00:00:00.000Z","Name":"Comparable Please","SystemModstamp":"2018-02-08T00:04:42.000Z","HasOpenActivity":false,"ExpectedRevenue":960.00,"CreatedById":"0051N000005uzmpQAA","OwnerId":"0051N000005uzmpQAA","IsWon":false,"CreatedDate":"2018-02-08T00:04:42.000Z","HasOverdueTask":false,"Id":"0061N00000VW0SCQA1","ForecastCategoryName":"Pipeline","IsPrivate":false,"LastModifiedById":"0051N000005uzmpQAA"}|0x17d033d8
16:07:45.0 (26204904)|STATEMENT_EXECUTE|[4]
16:07:45.0 (26206633)|STATEMENT_EXECUTE|[6]
16:07:45.0 (26221544)|HEAP_ALLOCATE|[6]|Bytes:4
16:07:45.0 (26311441)|VARIABLE_SCOPE_BEGIN|[6]|compPrices|List<Decimal>|true|false
16:07:45.0 (26339753)|HEAP_ALLOCATE|[EXTERNAL]|Bytes:4
16:07:45.0 (26351356)|VARIABLE_ASSIGNMENT|[6]|compPrices|[]|0x223e0fc8
16:07:45.0 (26357722)|STATEMENT_EXECUTE|[7]
16:07:45.0 (26410538)|HEAP_ALLOCATE|[EXTERNAL]|Bytes:4
16:07:45.0 (26419931)|STATEMENT_EXECUTE|[8]
16:07:45.0 (26447146)|HEAP_ALLOCATE|[EXTERNAL]|Bytes:4
16:07:45.0 (26454113)|STATEMENT_EXECUTE|[9]
16:07:45.0 (26477863)|HEAP_ALLOCATE|[EXTERNAL]|Bytes:4
16:07:45.0 (26484205)|STATEMENT_EXECUTE|[12]
16:07:45.0 (26494575)|HEAP_ALLOCATE|[12]|Bytes:4
16:07:45.0 (26512643)|VARIABLE_SCOPE_BEGIN|[12]|compName|List<String>|true|false
16:07:45.0 (26532571)|HEAP_ALLOCATE|[EXTERNAL]|Bytes:4
16:07:45.0 (26540126)|VARIABLE_ASSIGNMENT|[12]|compName|[]|0x5ccccbaf
16:07:45.0 (26545596)|STATEMENT_EXECUTE|[13]
16:07:45.0 (26578419)|HEAP_ALLOCATE|[EXTERNAL]|Bytes:4
16:07:45.0 (26585722)|STATEMENT_EXECUTE|[14]
16:07:45.0 (26609787)|HEAP_ALLOCATE|[EXTERNAL]|Bytes:4
16:07:45.0 (26615660)|STATEMENT_EXECUTE|[15]
16:07:45.0 (26637243)|HEAP_ALLOCATE|[EXTERNAL]|Bytes:4
16:07:45.0 (26643209)|STATEMENT_EXECUTE|[18]
16:07:45.0 (26646379)|VARIABLE_SCOPE_BEGIN|[18]|lowestPrice|Decimal|false|false
16:07:45.0 (26655132)|VARIABLE_ASSIGNMENT|[18]|lowestPrice|null
16:07:45.0 (26659356)|STATEMENT_EXECUTE|[19]
16:07:45.0 (26662008)|VARIABLE_SCOPE_BEGIN|[19]|lowestPricePosition|Integer|false|false
16:07:45.0 (26668844)|VARIABLE_ASSIGNMENT|[19]|lowestPricePosition|null
16:07:45.0 (26672323)|STATEMENT_EXECUTE|[20]
16:07:45.0 (26674102)|VARIABLE_SCOPE_BEGIN|[20]|highestPrice|Decimal|false|false
16:07:45.0 (26680334)|VARIABLE_ASSIGNMENT|[20]|highestPrice|null
16:07:45.0 (26683790)|STATEMENT_EXECUTE|[21]
16:07:45.0 (26685551)|VARIABLE_SCOPE_BEGIN|[21]|highestPricePosition|Integer|false|false
16:07:45.0 (26692450)|VARIABLE_ASSIGNMENT|[21]|highestPricePosition|null
16:07:45.0 (26696216)|STATEMENT_EXECUTE|[22]
16:07:45.0 (26698903)|VARIABLE_SCOPE_BEGIN|[22]|i|Integer|false|false
16:07:45.0 (26704612)|HEAP_ALLOCATE|[22]|Bytes:4
16:07:45.0 (26710682)|VARIABLE_ASSIGNMENT|[22]|i|0
16:07:45.0 (26730287)|STATEMENT_EXECUTE|[22]
16:07:45.0 (26732140)|STATEMENT_EXECUTE|[23]
16:07:45.0 (26748498)|VARIABLE_SCOPE_BEGIN|[23]|currentPrice|Decimal|false|false
16:07:45.0 (26757244)|VARIABLE_ASSIGNMENT|[23]|currentPrice|null
16:07:45.0 (26764747)|STATEMENT_EXECUTE|[24]
16:07:45.0 (26765964)|STATEMENT_EXECUTE|[25]
16:07:45.0 (26769229)|VARIABLE_ASSIGNMENT|[25]|lowestPrice|null
16:07:45.0 (26772700)|STATEMENT_EXECUTE|[26]
16:07:45.0 (26774407)|HEAP_ALLOCATE|[26]|Bytes:4
16:07:45.0 (26779352)|VARIABLE_ASSIGNMENT|[26]|lowestPricePosition|0
16:07:45.0 (26783876)|STATEMENT_EXECUTE|[28]
16:07:45.0 (26785108)|STATEMENT_EXECUTE|[29]
16:07:45.0 (26788042)|VARIABLE_ASSIGNMENT|[29]|highestPrice|null
16:07:45.0 (26791478)|STATEMENT_EXECUTE|[30]
16:07:45.0 (26793340)|HEAP_ALLOCATE|[30]|Bytes:4
16:07:45.0 (26797402)|VARIABLE_ASSIGNMENT|[30]|highestPricePosition|0
16:07:45.0 (26801896)|HEAP_ALLOCATE|[22]|Bytes:4
16:07:45.0 (26806023)|VARIABLE_ASSIGNMENT|[22]|i|1
16:07:45.0 (26815026)|STATEMENT_EXECUTE|[22]
16:07:45.0 (26816448)|STATEMENT_EXECUTE|[23]
16:07:45.0 (26821963)|VARIABLE_SCOPE_BEGIN|[23]|currentPrice|Decimal|false|false
16:07:45.0 (26828596)|VARIABLE_ASSIGNMENT|[23]|currentPrice|null
16:07:45.0 (26832509)|STATEMENT_EXECUTE|[24]
16:07:45.0 (26833719)|STATEMENT_EXECUTE|[25]
16:07:45.0 (26836367)|VARIABLE_ASSIGNMENT|[25]|lowestPrice|null
16:07:45.0 (26839460)|STATEMENT_EXECUTE|[26]
16:07:45.0 (26840913)|HEAP_ALLOCATE|[26]|Bytes:4
16:07:45.0 (26845126)|VARIABLE_ASSIGNMENT|[26]|lowestPricePosition|1
16:07:45.0 (26848654)|STATEMENT_EXECUTE|[28]
16:07:45.0 (26849895)|STATEMENT_EXECUTE|[29]
16:07:45.0 (26852674)|VARIABLE_ASSIGNMENT|[29]|highestPrice|null
16:07:45.0 (26855950)|STATEMENT_EXECUTE|[30]
16:07:45.0 (26857367)|HEAP_ALLOCATE|[30]|Bytes:4
16:07:45.0 (26861511)|VARIABLE_ASSIGNMENT|[30]|highestPricePosition|1
16:07:45.0 (26865143)|HEAP_ALLOCATE|[22]|Bytes:4
16:07:45.0 (26868968)|VARIABLE_ASSIGNMENT|[22]|i|2
16:07:45.0 (26877057)|STATEMENT_EXECUTE|[22]
16:07:45.0 (26878407)|STATEMENT_EXECUTE|[23]
16:07:45.0 (26883513)|VARIABLE_SCOPE_BEGIN|[23]|currentPrice|Decimal|false|false
16:07:45.0 (26889857)|VARIABLE_ASSIGNMENT|[23]|currentPrice|null
16:07:45.0 (26894084)|STATEMENT_EXECUTE|[24]
16:07:45.0 (26895306)|STATEMENT_EXECUTE|[25]
16:07:45.0 (26898001)|VARIABLE_ASSIGNMENT|[25]|lowestPrice|null
16:07:45.0 (26901151)|STATEMENT_EXECUTE|[26]
16:07:45.0 (26902677)|HEAP_ALLOCATE|[26]|Bytes:4
16:07:45.0 (26906422)|VARIABLE_ASSIGNMENT|[26]|lowestPricePosition|2
16:07:45.0 (26910292)|STATEMENT_EXECUTE|[28]
16:07:45.0 (26911657)|STATEMENT_EXECUTE|[29]
16:07:45.0 (26914331)|VARIABLE_ASSIGNMENT|[29]|highestPrice|null
16:07:45.0 (26917662)|STATEMENT_EXECUTE|[30]
16:07:45.0 (26919182)|HEAP_ALLOCATE|[30]|Bytes:4
16:07:45.0 (26922914)|VARIABLE_ASSIGNMENT|[30]|highestPricePosition|2
16:07:45.0 (26926572)|HEAP_ALLOCATE|[22]|Bytes:4
16:07:45.0 (26932197)|VARIABLE_ASSIGNMENT|[22]|i|3
16:07:45.0 (26942463)|STATEMENT_EXECUTE|[35]
16:07:45.0 (27261565)|VARIABLE_ASSIGNMENT|[35]|this.Leading_Competitor__c|null|0x17d033d8
16:07:45.0 (27274310)|STATEMENT_EXECUTE|[36]
16:07:45.0 (27570744)|VARIABLE_ASSIGNMENT|[36]|this.Most_Expensivest__c|null|0x17d033d8
16:07:45.0 (27577906)|STATEMENT_EXECUTE|[37]
16:07:45.0 (27871881)|VARIABLE_ASSIGNMENT|[37]|this.Most_Expensivest_Price__c|null|0x17d033d8
16:07:45.0 (27890334)|HEAP_ALLOCATE|[4]|Bytes:5
16:07:45.0 (27903719)|VARIABLE_ASSIGNMENT|[4]|opp|null|
16:07:45.27 (27912014)|CUMULATIVE_LIMIT_USAGE
16:07:45.27 (27912014)|LIMIT_USAGE_FOR_NS|(default)|
  Number of SOQL queries: 0 out of 100
  Number of query rows: 0 out of 50000
  Number of SOSL queries: 0 out of 20
  Number of DML statements: 0 out of 150
  Number of DML rows: 0 out of 10000
  Maximum CPU time: 0 out of 10000
  Maximum heap size: 0 out of 6000000
  Number of callouts: 0 out of 100
  Number of Email Invocations: 0 out of 10
  Number of future calls: 0 out of 50
  Number of queueable jobs added to the queue: 0 out of 50
  Number of Mobile Apex push calls: 0 out of 10

16:07:45.27 (27912014)|CUMULATIVE_LIMIT_USAGE_END

16:07:45.0 (29062789)|CODE_UNIT_FINISHED|LeadingCompetitor on Opportunity trigger event BeforeUpdate
16:07:45.0 (96997946)|CODE_UNIT_FINISHED|TRIGGERS
16:07:45.0 (97011187)|EXECUTION_FINISHED
