36.0 APEX_CODE,FINEST;APEX_PROFILING,INFO;CALLOUT,INFO;DB,INFO;SYSTEM,DEBUG;VALIDATION,INFO;VISUALFORCE,INFO;WAVE,INFO;WORKFLOW,INFO
20:20:47.0 (273911)|USER_INFO|[EXTERNAL]|0051N000005uzmp|craig-rupp@apex-academy.com|Pacific Standard Time|GMT-08:00
20:20:47.0 (302620)|EXECUTION_STARTED
20:20:47.0 (306343)|CODE_UNIT_STARTED|[EXTERNAL]|TRIGGERS
20:20:47.0 (332152)|CODE_UNIT_STARTED|[EXTERNAL]|01q1N000001mO2l|WarrantySummary on Case trigger event BeforeInsert for [new]
20:20:47.0 (372439)|HEAP_ALLOCATE|[EXTERNAL]|Bytes:8
20:20:47.0 (719609)|HEAP_ALLOCATE|[72]|Bytes:3
20:20:47.0 (769314)|HEAP_ALLOCATE|[77]|Bytes:152
20:20:47.0 (791319)|HEAP_ALLOCATE|[342]|Bytes:408
20:20:47.0 (814798)|HEAP_ALLOCATE|[355]|Bytes:408
20:20:47.0 (839706)|HEAP_ALLOCATE|[467]|Bytes:48
20:20:47.0 (880725)|HEAP_ALLOCATE|[139]|Bytes:6
20:20:47.0 (914291)|HEAP_ALLOCATE|[EXTERNAL]|Bytes:4
20:20:47.0 (924145)|VARIABLE_SCOPE_BEGIN|[1]|this|WarrantySummary|true|false
20:20:47.0 (971868)|VARIABLE_ASSIGNMENT|[1]|this|{}|0x65864927
20:20:47.0 (1015290)|HEAP_ALLOCATE|[EXTERNAL]|Bytes:4
20:20:47.0 (1022322)|VARIABLE_SCOPE_BEGIN|[1]|this|WarrantySummary|true|false
20:20:47.0 (1034790)|VARIABLE_ASSIGNMENT|[1]|this|{}|0x65864927
20:20:47.0 (1046734)|STATEMENT_EXECUTE|[1]
20:20:47.0 (1092210)|HEAP_ALLOCATE|[50]|Bytes:5
20:20:47.0 (1118816)|HEAP_ALLOCATE|[56]|Bytes:5
20:20:47.0 (1129789)|HEAP_ALLOCATE|[64]|Bytes:7
20:20:47.0 (1450304)|HEAP_ALLOCATE|[2]|Bytes:5
20:20:47.0 (1473330)|HEAP_ALLOCATE|[2]|Bytes:4
20:20:47.0 (1483252)|VARIABLE_SCOPE_BEGIN|[2]|myCase|Case|true|false
20:20:47.0 (2218173)|VARIABLE_ASSIGNMENT|[2]|myCase|{"Origin":"Email","Status":"New","IsDeleted":false,"Description":"SSN","IsEscalated":false,"OwnerId":"0051N000005uzmpQAA","Priority":"Medium","IsClosedOnCreate":false,"Product_Has_Extended (12 more) ...":false,"IsClosed":false}|0x6aff4852
20:20:47.0 (2231172)|STATEMENT_EXECUTE|[2]
20:20:47.0 (2232584)|STATEMENT_EXECUTE|[3]
20:20:47.0 (2347108)|HEAP_ALLOCATE|[3]|Bytes:41
20:20:47.0 (2466417)|FATAL_ERROR|System.NullPointerException: Attempt to de-reference a null object

Trigger.WarrantySummary: line 3, column 1
20:20:47.0 (2483039)|FATAL_ERROR|System.NullPointerException: Attempt to de-reference a null object

Trigger.WarrantySummary: line 3, column 1
20:20:47.2 (2526199)|CUMULATIVE_LIMIT_USAGE
20:20:47.2 (2526199)|LIMIT_USAGE_FOR_NS|(default)|
  Number of SOQL queries: 0 out of 100
  Number of query rows: 0 out of 50000
  Number of SOSL queries: 0 out of 20
  Number of DML statements: 0 out of 150
  Number of DML rows: 0 out of 10000
  Maximum CPU time: 0 out of 10000
  Maximum heap size: 0 out of 6000000
  Number of callouts: 0 out of 100
  Number of Email Invocations: 0 out of 10
  Number of future calls: 0 out of 50
  Number of queueable jobs added to the queue: 0 out of 50
  Number of Mobile Apex push calls: 0 out of 10

20:20:47.2 (2526199)|CUMULATIVE_LIMIT_USAGE_END

20:20:47.0 (3660588)|CODE_UNIT_FINISHED|WarrantySummary on Case trigger event BeforeInsert for [new]
