41.0 APEX_CODE,FINEST;APEX_PROFILING,INFO;CALLOUT,INFO;DB,INFO;SYSTEM,DEBUG;VALIDATION,INFO;VISUALFORCE,INFO;WAVE,INFO;WORKFLOW,INFO
20:28:05.0 (308560)|USER_INFO|[EXTERNAL]|0051N000005uzmp|craig-rupp@apex-academy.com|Pacific Standard Time|GMT-08:00
20:28:05.0 (493515)|EXECUTION_STARTED
20:28:05.0 (498181)|CODE_UNIT_STARTED|[EXTERNAL]|VisualForce View State
20:28:05.0 (160519360)|HEAP_ALLOCATE|[72]|Bytes:3
20:28:05.0 (160587421)|HEAP_ALLOCATE|[77]|Bytes:152
20:28:05.0 (160605204)|HEAP_ALLOCATE|[342]|Bytes:408
20:28:05.0 (160620254)|HEAP_ALLOCATE|[355]|Bytes:408
20:28:05.0 (160634204)|HEAP_ALLOCATE|[467]|Bytes:48
20:28:05.0 (160689588)|HEAP_ALLOCATE|[139]|Bytes:6
20:28:05.0 (160714984)|HEAP_ALLOCATE|[50]|Bytes:5
20:28:05.0 (160735831)|HEAP_ALLOCATE|[56]|Bytes:5
20:28:05.0 (160754374)|HEAP_ALLOCATE|[64]|Bytes:7
20:28:05.0 (162357462)|CODE_UNIT_FINISHED|VisualForce View State
20:28:05.0 (163902673)|EXECUTION_FINISHED
20:28:05.165 (165124814)|USER_INFO|[EXTERNAL]|0051N000005uzmp|craig-rupp@apex-academy.com|Pacific Standard Time|GMT-08:00
20:28:05.165 (165177332)|SYSTEM_MODE_ENTER|true
20:28:05.165 (165377061)|HEAP_ALLOCATE|[EXTERNAL]|Bytes:38
20:28:05.165 (165403368)|HEAP_ALLOCATE|[EXTERNAL]|Bytes:7
20:28:05.165 (165427036)|SYSTEM_METHOD_ENTRY|[1]|PageMessagesComponentController.PageMessagesComponentController()
20:28:05.165 (165432085)|STATEMENT_EXECUTE|[1]
20:28:05.500 (500508321)|CUMULATIVE_LIMIT_USAGE
20:28:05.500 (500508321)|LIMIT_USAGE_FOR_NS|(default)|
  Number of SOQL queries: 0 out of 100
  Number of query rows: 0 out of 50000
  Number of SOSL queries: 0 out of 20
  Number of DML statements: 0 out of 150
  Number of DML rows: 0 out of 10000
  Maximum CPU time: 0 out of 10000
  Maximum heap size: 0 out of 6000000
  Number of callouts: 0 out of 100
  Number of Email Invocations: 0 out of 10
  Number of future calls: 0 out of 50
  Number of queueable jobs added to the queue: 0 out of 50
  Number of Mobile Apex push calls: 0 out of 10

20:28:05.500 (500508321)|CUMULATIVE_LIMIT_USAGE_END

