41.0 APEX_CODE,FINEST;APEX_PROFILING,INFO;CALLOUT,INFO;DB,INFO;SYSTEM,DEBUG;VALIDATION,INFO;VISUALFORCE,INFO;WAVE,INFO;WORKFLOW,INFO
16:09:06.0 (274277)|USER_INFO|[EXTERNAL]|0051N000005uzmp|craig-rupp@apex-academy.com|Pacific Standard Time|GMT-08:00
16:09:06.0 (308514)|EXECUTION_STARTED
16:09:06.0 (312268)|CODE_UNIT_STARTED|[EXTERNAL]|TRIGGERS
16:09:06.0 (339747)|CODE_UNIT_STARTED|[EXTERNAL]|01q1N000001lLJr|AmountUpdate on Opportunity trigger event BeforeUpdate
16:09:06.0 (374892)|HEAP_ALLOCATE|[EXTERNAL]|Bytes:8
16:09:06.0 (506210)|HEAP_ALLOCATE|[EXTERNAL]|Bytes:8
16:09:06.0 (862979)|HEAP_ALLOCATE|[72]|Bytes:3
16:09:06.0 (918988)|HEAP_ALLOCATE|[77]|Bytes:152
16:09:06.0 (935538)|HEAP_ALLOCATE|[342]|Bytes:408
16:09:06.0 (950828)|HEAP_ALLOCATE|[355]|Bytes:408
16:09:06.0 (964132)|HEAP_ALLOCATE|[467]|Bytes:48
16:09:06.0 (1020536)|HEAP_ALLOCATE|[139]|Bytes:6
16:09:06.0 (1044161)|HEAP_ALLOCATE|[EXTERNAL]|Bytes:4
16:09:06.0 (1066592)|VARIABLE_SCOPE_BEGIN|[1]|this|AmountUpdate|true|false
16:09:06.0 (1115541)|VARIABLE_ASSIGNMENT|[1]|this|{}|0x64208fda
16:09:06.0 (1172799)|HEAP_ALLOCATE|[EXTERNAL]|Bytes:4
16:09:06.0 (1187503)|VARIABLE_SCOPE_BEGIN|[1]|this|AmountUpdate|true|false
16:09:06.0 (1198860)|VARIABLE_ASSIGNMENT|[1]|this|{}|0x64208fda
16:09:06.0 (1207035)|STATEMENT_EXECUTE|[1]
16:09:06.0 (1240602)|HEAP_ALLOCATE|[50]|Bytes:5
16:09:06.0 (1260679)|HEAP_ALLOCATE|[56]|Bytes:5
16:09:06.0 (1268503)|HEAP_ALLOCATE|[64]|Bytes:7
16:09:06.0 (1672141)|HEAP_ALLOCATE|[2]|Bytes:5
16:09:06.0 (1701187)|HEAP_ALLOCATE|[2]|Bytes:4
16:09:06.0 (1710591)|VARIABLE_SCOPE_BEGIN|[2]|opp|Opportunity|true|false
16:09:06.0 (2311953)|VARIABLE_ASSIGNMENT|[2]|opp|{"LastModifiedDate":"2018-02-08T00:07:45.000Z","IsDeleted":false,"HasOpportunityLineIt (2 more) ...":false,"StageName":"Prospecting","Amount":9650.00,"Probability":10,"ForecastCategory":"Pipeline","IsClosed":false,"CloseDate":"2018-02-05T00:00:00.000Z","Name":"Comparable Please","SystemModstamp":"2018-02-08T00:07:46.000Z","HasOpenActivity":false,"ExpectedRevenue":965.00,"CreatedById":"0051N000005uzmpQAA","OwnerId":"0051N000005uzmpQAA","IsWon":false,"CreatedDate":"2018-02-08T00:04:42.000Z","HasOverdueTask":false,"Id":"0061N00000VW0SCQA1","ForecastCategoryName":"Pipeline","IsPrivate":false,"LastModifiedById":"0051N000005uzmpQAA"}|0x319654a8
16:09:06.0 (2330741)|STATEMENT_EXECUTE|[2]
16:09:06.0 (2332757)|STATEMENT_EXECUTE|[3]
16:09:06.0 (2357693)|HEAP_ALLOCATE|[3]|Bytes:28
16:09:06.0 (2705411)|VARIABLE_ASSIGNMENT|[3]|this.Amount|10000|0x319654a8
16:09:06.0 (2726160)|HEAP_ALLOCATE|[2]|Bytes:5
16:09:06.0 (2741602)|VARIABLE_ASSIGNMENT|[2]|opp|null|
16:09:06.2 (2768629)|CUMULATIVE_LIMIT_USAGE
16:09:06.2 (2768629)|LIMIT_USAGE_FOR_NS|(default)|
  Number of SOQL queries: 0 out of 100
  Number of query rows: 0 out of 50000
  Number of SOSL queries: 0 out of 20
  Number of DML statements: 0 out of 150
  Number of DML rows: 0 out of 10000
  Maximum CPU time: 0 out of 10000
  Maximum heap size: 0 out of 6000000
  Number of callouts: 0 out of 100
  Number of Email Invocations: 0 out of 10
  Number of future calls: 0 out of 50
  Number of queueable jobs added to the queue: 0 out of 50
  Number of Mobile Apex push calls: 0 out of 10

16:09:06.2 (2768629)|CUMULATIVE_LIMIT_USAGE_END

16:09:06.0 (3627799)|CODE_UNIT_FINISHED|AmountUpdate on Opportunity trigger event BeforeUpdate
16:09:06.0 (6477228)|CODE_UNIT_STARTED|[EXTERNAL]|01q1N000001nQqf|LeadingCompetitor on Opportunity trigger event BeforeUpdate
16:09:06.0 (6514574)|HEAP_ALLOCATE|[EXTERNAL]|Bytes:8
16:09:06.0 (6522603)|HEAP_ALLOCATE|[EXTERNAL]|Bytes:8
16:09:06.0 (6598021)|HEAP_ALLOCATE|[EXTERNAL]|Bytes:4
16:09:06.0 (6608202)|VARIABLE_SCOPE_BEGIN|[1]|this|LeadingCompetitor|true|false
16:09:06.0 (6642184)|VARIABLE_ASSIGNMENT|[1]|this|{}|0x453d954b
16:09:06.0 (6682390)|HEAP_ALLOCATE|[EXTERNAL]|Bytes:4
16:09:06.0 (6689960)|VARIABLE_SCOPE_BEGIN|[1]|this|LeadingCompetitor|true|false
16:09:06.0 (6701333)|VARIABLE_ASSIGNMENT|[1]|this|{}|0x453d954b
16:09:06.0 (6708113)|STATEMENT_EXECUTE|[1]
16:09:06.0 (6796747)|HEAP_ALLOCATE|[4]|Bytes:5
16:09:06.0 (6814384)|HEAP_ALLOCATE|[4]|Bytes:4
16:09:06.0 (6823025)|VARIABLE_SCOPE_BEGIN|[4]|opp|Opportunity|true|false
16:09:06.0 (7246429)|VARIABLE_ASSIGNMENT|[4]|opp|{"LastModifiedDate":"2018-02-08T00:07:45.000Z","IsDeleted":false,"HasOpportunityLineIt (2 more) ...":false,"StageName":"Prospecting","Amount":10000,"Probability":10,"ForecastCategory":"Pipeline","IsClosed":false,"CloseDate":"2018-02-05T00:00:00.000Z","Name":"Comparable Please","SystemModstamp":"2018-02-08T00:07:46.000Z","HasOpenActivity":false,"ExpectedRevenue":965.00,"CreatedById":"0051N000005uzmpQAA","OwnerId":"0051N000005uzmpQAA","IsWon":false,"CreatedDate":"2018-02-08T00:04:42.000Z","HasOverdueTask":false,"Id":"0061N00000VW0SCQA1","ForecastCategoryName":"Pipeline","IsPrivate":false,"LastModifiedById":"0051N000005uzmpQAA"}|0x3751f646
16:09:06.0 (7263423)|STATEMENT_EXECUTE|[4]
16:09:06.0 (7265108)|STATEMENT_EXECUTE|[6]
16:09:06.0 (7280767)|HEAP_ALLOCATE|[6]|Bytes:4
16:09:06.0 (7363236)|VARIABLE_SCOPE_BEGIN|[6]|compPrices|List<Decimal>|true|false
16:09:06.0 (7392865)|HEAP_ALLOCATE|[EXTERNAL]|Bytes:4
16:09:06.0 (7404064)|VARIABLE_ASSIGNMENT|[6]|compPrices|[]|0x178f46f7
16:09:06.0 (7409472)|STATEMENT_EXECUTE|[7]
16:09:06.0 (7460905)|HEAP_ALLOCATE|[EXTERNAL]|Bytes:4
16:09:06.0 (7470451)|STATEMENT_EXECUTE|[8]
16:09:06.0 (7499522)|HEAP_ALLOCATE|[EXTERNAL]|Bytes:4
16:09:06.0 (7507210)|STATEMENT_EXECUTE|[9]
16:09:06.0 (7532438)|HEAP_ALLOCATE|[EXTERNAL]|Bytes:4
16:09:06.0 (7539416)|STATEMENT_EXECUTE|[12]
16:09:06.0 (7548923)|HEAP_ALLOCATE|[12]|Bytes:4
16:09:06.0 (7566803)|VARIABLE_SCOPE_BEGIN|[12]|compName|List<String>|true|false
16:09:06.0 (7587304)|HEAP_ALLOCATE|[EXTERNAL]|Bytes:4
16:09:06.0 (7594197)|VARIABLE_ASSIGNMENT|[12]|compName|[]|0x3eb11e80
16:09:06.0 (7598995)|STATEMENT_EXECUTE|[13]
16:09:06.0 (7630623)|HEAP_ALLOCATE|[EXTERNAL]|Bytes:4
16:09:06.0 (7638367)|STATEMENT_EXECUTE|[14]
16:09:06.0 (7663439)|HEAP_ALLOCATE|[EXTERNAL]|Bytes:4
16:09:06.0 (7670285)|STATEMENT_EXECUTE|[15]
16:09:06.0 (7692186)|HEAP_ALLOCATE|[EXTERNAL]|Bytes:4
16:09:06.0 (7698945)|STATEMENT_EXECUTE|[18]
16:09:06.0 (7702445)|VARIABLE_SCOPE_BEGIN|[18]|lowestPrice|Decimal|false|false
16:09:06.0 (7711178)|VARIABLE_ASSIGNMENT|[18]|lowestPrice|null
16:09:06.0 (7714714)|STATEMENT_EXECUTE|[19]
16:09:06.0 (7716822)|VARIABLE_SCOPE_BEGIN|[19]|lowestPricePosition|Integer|false|false
16:09:06.0 (7723508)|VARIABLE_ASSIGNMENT|[19]|lowestPricePosition|null
16:09:06.0 (7727057)|STATEMENT_EXECUTE|[20]
16:09:06.0 (7728715)|VARIABLE_SCOPE_BEGIN|[20]|highestPrice|Decimal|false|false
16:09:06.0 (7735066)|VARIABLE_ASSIGNMENT|[20]|highestPrice|null
16:09:06.0 (7738368)|STATEMENT_EXECUTE|[21]
16:09:06.0 (7740074)|VARIABLE_SCOPE_BEGIN|[21]|highestPricePosition|Integer|false|false
16:09:06.0 (7746881)|VARIABLE_ASSIGNMENT|[21]|highestPricePosition|null
16:09:06.0 (7750904)|STATEMENT_EXECUTE|[22]
16:09:06.0 (7753074)|VARIABLE_SCOPE_BEGIN|[22]|i|Integer|false|false
16:09:06.0 (7763792)|HEAP_ALLOCATE|[22]|Bytes:4
16:09:06.0 (7770257)|VARIABLE_ASSIGNMENT|[22]|i|0
16:09:06.0 (7791144)|STATEMENT_EXECUTE|[22]
16:09:06.0 (7792803)|STATEMENT_EXECUTE|[23]
16:09:06.0 (7808730)|VARIABLE_SCOPE_BEGIN|[23]|currentPrice|Decimal|false|false
16:09:06.0 (7817197)|VARIABLE_ASSIGNMENT|[23]|currentPrice|null
16:09:06.0 (7823007)|STATEMENT_EXECUTE|[24]
16:09:06.0 (7824312)|STATEMENT_EXECUTE|[25]
16:09:06.0 (7827332)|VARIABLE_ASSIGNMENT|[25]|lowestPrice|null
16:09:06.0 (7830415)|STATEMENT_EXECUTE|[26]
16:09:06.0 (7832156)|HEAP_ALLOCATE|[26]|Bytes:4
16:09:06.0 (7837027)|VARIABLE_ASSIGNMENT|[26]|lowestPricePosition|0
16:09:06.0 (7841136)|STATEMENT_EXECUTE|[28]
16:09:06.0 (7842404)|STATEMENT_EXECUTE|[29]
16:09:06.0 (7844992)|VARIABLE_ASSIGNMENT|[29]|highestPrice|null
16:09:06.0 (7848218)|STATEMENT_EXECUTE|[30]
16:09:06.0 (7849579)|HEAP_ALLOCATE|[30]|Bytes:4
16:09:06.0 (7854205)|VARIABLE_ASSIGNMENT|[30]|highestPricePosition|0
16:09:06.0 (7859546)|HEAP_ALLOCATE|[22]|Bytes:4
16:09:06.0 (7863810)|VARIABLE_ASSIGNMENT|[22]|i|1
16:09:06.0 (7873357)|STATEMENT_EXECUTE|[22]
16:09:06.0 (7874744)|STATEMENT_EXECUTE|[23]
16:09:06.0 (7880207)|VARIABLE_SCOPE_BEGIN|[23]|currentPrice|Decimal|false|false
16:09:06.0 (7886889)|VARIABLE_ASSIGNMENT|[23]|currentPrice|null
16:09:06.0 (7890764)|STATEMENT_EXECUTE|[24]
16:09:06.0 (7892060)|STATEMENT_EXECUTE|[25]
16:09:06.0 (7894716)|VARIABLE_ASSIGNMENT|[25]|lowestPrice|null
16:09:06.0 (7897530)|STATEMENT_EXECUTE|[26]
16:09:06.0 (7899079)|HEAP_ALLOCATE|[26]|Bytes:4
16:09:06.0 (7903102)|VARIABLE_ASSIGNMENT|[26]|lowestPricePosition|1
16:09:06.0 (7906875)|STATEMENT_EXECUTE|[28]
16:09:06.0 (7908061)|STATEMENT_EXECUTE|[29]
16:09:06.0 (7910602)|VARIABLE_ASSIGNMENT|[29]|highestPrice|null
16:09:06.0 (7913704)|STATEMENT_EXECUTE|[30]
16:09:06.0 (7915066)|HEAP_ALLOCATE|[30]|Bytes:4
16:09:06.0 (7918750)|VARIABLE_ASSIGNMENT|[30]|highestPricePosition|1
16:09:06.0 (7922458)|HEAP_ALLOCATE|[22]|Bytes:4
16:09:06.0 (7926187)|VARIABLE_ASSIGNMENT|[22]|i|2
16:09:06.0 (7934411)|STATEMENT_EXECUTE|[22]
16:09:06.0 (7935790)|STATEMENT_EXECUTE|[23]
16:09:06.0 (7941002)|VARIABLE_SCOPE_BEGIN|[23]|currentPrice|Decimal|false|false
16:09:06.0 (7948245)|VARIABLE_ASSIGNMENT|[23]|currentPrice|null
16:09:06.0 (7951918)|STATEMENT_EXECUTE|[24]
16:09:06.0 (7953126)|STATEMENT_EXECUTE|[25]
16:09:06.0 (7955694)|VARIABLE_ASSIGNMENT|[25]|lowestPrice|null
16:09:06.0 (7958869)|STATEMENT_EXECUTE|[26]
16:09:06.0 (7960322)|HEAP_ALLOCATE|[26]|Bytes:4
16:09:06.0 (7964363)|VARIABLE_ASSIGNMENT|[26]|lowestPricePosition|2
16:09:06.0 (7968111)|STATEMENT_EXECUTE|[28]
16:09:06.0 (7969307)|STATEMENT_EXECUTE|[29]
16:09:06.0 (7971838)|VARIABLE_ASSIGNMENT|[29]|highestPrice|null
16:09:06.0 (7974687)|STATEMENT_EXECUTE|[30]
16:09:06.0 (7976053)|HEAP_ALLOCATE|[30]|Bytes:4
16:09:06.0 (7979671)|VARIABLE_ASSIGNMENT|[30]|highestPricePosition|2
16:09:06.0 (7982943)|HEAP_ALLOCATE|[22]|Bytes:4
16:09:06.0 (7986455)|VARIABLE_ASSIGNMENT|[22]|i|3
16:09:06.0 (7995849)|STATEMENT_EXECUTE|[35]
16:09:06.0 (8343954)|VARIABLE_ASSIGNMENT|[35]|this.Leading_Competitor__c|null|0x3751f646
16:09:06.0 (8352446)|STATEMENT_EXECUTE|[36]
16:09:06.0 (8658363)|VARIABLE_ASSIGNMENT|[36]|this.Most_Expensivest__c|null|0x3751f646
16:09:06.0 (8665674)|STATEMENT_EXECUTE|[37]
16:09:06.0 (8976654)|VARIABLE_ASSIGNMENT|[37]|this.Most_Expensivest_Price__c|null|0x3751f646
16:09:06.0 (8994224)|HEAP_ALLOCATE|[4]|Bytes:5
16:09:06.0 (9007757)|VARIABLE_ASSIGNMENT|[4]|opp|null|
16:09:06.9 (9017092)|CUMULATIVE_LIMIT_USAGE
16:09:06.9 (9017092)|LIMIT_USAGE_FOR_NS|(default)|
  Number of SOQL queries: 0 out of 100
  Number of query rows: 0 out of 50000
  Number of SOSL queries: 0 out of 20
  Number of DML statements: 0 out of 150
  Number of DML rows: 0 out of 10000
  Maximum CPU time: 0 out of 10000
  Maximum heap size: 0 out of 6000000
  Number of callouts: 0 out of 100
  Number of Email Invocations: 0 out of 10
  Number of future calls: 0 out of 50
  Number of queueable jobs added to the queue: 0 out of 50
  Number of Mobile Apex push calls: 0 out of 10

16:09:06.9 (9017092)|CUMULATIVE_LIMIT_USAGE_END

16:09:06.0 (9843350)|CODE_UNIT_FINISHED|LeadingCompetitor on Opportunity trigger event BeforeUpdate
16:09:06.0 (639513583)|CODE_UNIT_STARTED|[EXTERNAL]|01q1N000001pFos|ComparableOpps on Opportunity trigger event AfterUpdate
16:09:06.0 (639556853)|HEAP_ALLOCATE|[EXTERNAL]|Bytes:8
16:09:06.0 (639592322)|HEAP_ALLOCATE|[EXTERNAL]|Bytes:8
16:09:06.0 (639687159)|HEAP_ALLOCATE|[EXTERNAL]|Bytes:2
16:09:06.0 (639703164)|HEAP_ALLOCATE|[EXTERNAL]|Bytes:4
16:09:06.0 (639713028)|VARIABLE_SCOPE_BEGIN|[1]|this|ComparableOpps|true|false
16:09:06.0 (639742930)|VARIABLE_ASSIGNMENT|[1]|this|{}|0xf1d94fc
16:09:06.0 (639791462)|HEAP_ALLOCATE|[EXTERNAL]|Bytes:4
16:09:06.0 (639881610)|VARIABLE_SCOPE_BEGIN|[1]|this|ComparableOpps|true|false
16:09:06.0 (639896995)|VARIABLE_ASSIGNMENT|[1]|this|{}|0xf1d94fc
16:09:06.0 (639904496)|STATEMENT_EXECUTE|[1]
16:09:06.0 (639978840)|HEAP_ALLOCATE|[4]|Bytes:5
16:09:06.0 (639999480)|VARIABLE_SCOPE_BEGIN|[4]|oppList|Opportunity|true|false
16:09:06.0 (640540338)|VARIABLE_ASSIGNMENT|[4]|oppList|{"LastModifiedDate":"2018-02-08T00:09:06.000Z","IsDeleted":false,"HasOpportunityLineIt (2 more) ...":false,"StageName":"Prospecting","Amount":10000.00,"Probability":10,"ForecastCategory":"Pipeline","IsClosed":false,"CloseDate":"2018-02-05T00:00:00.000Z","Name":"Comparable Please","SystemModstamp":"2018-02-08T00:09:06.000Z","HasOpenActivity":false,"ExpectedRevenue":1000.00,"CreatedById":"0051N000005uzmpQAA","OwnerId":"0051N000005uzmpQAA","IsWon":false,"CreatedDate":"2018-02-08T00:04:42.000Z","HasOverdueTask":false,"Id":"0061N00000VW0SCQA1","ForecastCategoryName":"Pipeline","IsPrivate":false,"LastModifiedById":"0051N000005uzmpQAA"}|0x5009bd4
16:09:06.0 (640559512)|STATEMENT_EXECUTE|[4]
16:09:06.0 (640561285)|STATEMENT_EXECUTE|[6]
16:09:06.0 (640564787)|HEAP_ALLOCATE|[6]|Bytes:72
16:09:06.0 (640580599)|HEAP_ALLOCATE|[6]|Bytes:4
16:09:06.0 (640590963)|HEAP_ALLOCATE|[6]|Bytes:7
16:09:06.0 (640810248)|SOQL_EXECUTE_BEGIN|[6]|Aggregations:0|SELECT Id, Account.Industry FROM Opportunity WHERE Id = :tmpVar1 LIMIT 1
16:09:06.0 (642899024)|SOQL_EXECUTE_END|[6]|Rows:1
16:09:06.0 (642917174)|HEAP_ALLOCATE|[6]|Bytes:8
16:09:06.0 (642930482)|HEAP_ALLOCATE|[6]|Bytes:29
16:09:06.0 (642957213)|HEAP_ALLOCATE|[6]|Bytes:8
16:09:06.0 (642967077)|HEAP_ALLOCATE|[6]|Bytes:37
16:09:06.0 (642982361)|HEAP_ALLOCATE|[6]|Bytes:8
16:09:06.0 (642990067)|VARIABLE_SCOPE_BEGIN|[6]|oppAccountInfo|Opportunity|true|false
16:09:06.0 (643007446)|VARIABLE_ASSIGNMENT|[6]|oppAccountInfo|{"Id":"0061N00000VW0SCQA1"}|0x6334d47b
16:09:06.0 (643013638)|STATEMENT_EXECUTE|[12]
16:09:06.0 (643037393)|HEAP_ALLOCATE|[12]|Bytes:3
16:09:06.0 (643050090)|HEAP_ALLOCATE|[12]|Bytes:28
16:09:06.0 (643102281)|HEAP_ALLOCATE|[12]|Bytes:28
16:09:06.0 (643116436)|VARIABLE_SCOPE_BEGIN|[12]|minAmount|Decimal|false|false
16:09:06.0 (643128752)|VARIABLE_ASSIGNMENT|[12]|minAmount|9000.000
16:09:06.0 (643132905)|STATEMENT_EXECUTE|[13]
16:09:06.0 (643140007)|HEAP_ALLOCATE|[13]|Bytes:3
16:09:06.0 (643146347)|HEAP_ALLOCATE|[13]|Bytes:28
16:09:06.0 (643167438)|HEAP_ALLOCATE|[13]|Bytes:28
16:09:06.0 (643178304)|VARIABLE_SCOPE_BEGIN|[13]|maxAmount|Decimal|false|false
16:09:06.0 (643186918)|VARIABLE_ASSIGNMENT|[13]|maxAmount|11000.000
16:09:06.0 (643190887)|STATEMENT_EXECUTE|[15]
16:09:06.0 (643193901)|HEAP_ALLOCATE|[15]|Bytes:189
16:09:06.0 (643205857)|HEAP_ALLOCATE|[15]|Bytes:4
16:09:06.0 (643232509)|HEAP_ALLOCATE|[15]|Bytes:28
16:09:06.0 (643239769)|HEAP_ALLOCATE|[15]|Bytes:7
16:09:06.0 (643248758)|HEAP_ALLOCATE|[15]|Bytes:28
16:09:06.0 (643253212)|HEAP_ALLOCATE|[15]|Bytes:7
16:09:06.0 (643277739)|HEAP_ALLOCATE|[15]|Bytes:7
16:09:06.0 (643618060)|SOQL_EXECUTE_BEGIN|[15]|Aggregations:0|SELECT Id FROM Opportunity WHERE (Amount >= :tmpVar1 AND Amount <= :tmpVar2 AND Account.Industry = :tmpVar3 AND StageName = 'Closed Won' AND CloseDate >= LAST_N_DAYS:365 AND Id != :tmpVar4)
16:09:06.0 (648064194)|SOQL_EXECUTE_END|[15]|Rows:1
16:09:06.0 (648082595)|HEAP_ALLOCATE|[15]|Bytes:8
16:09:06.0 (648095668)|HEAP_ALLOCATE|[15]|Bytes:29
16:09:06.0 (648122558)|HEAP_ALLOCATE|[15]|Bytes:8
16:09:06.0 (648136170)|VARIABLE_SCOPE_BEGIN|[15]|qualifiedOpps|List<Opportunity>|true|false
16:09:06.0 (648158314)|VARIABLE_ASSIGNMENT|[15]|qualifiedOpps|[{"Id":"0061N00000UenUnQAJ"}]|0x5ca49096
16:09:06.0 (648165022)|STATEMENT_EXECUTE|[23]
16:09:06.0 (648168211)|HEAP_ALLOCATE|[23]|Bytes:28
16:09:06.0 (648235738)|HEAP_ALLOCATE|[23]|Bytes:37
16:09:06.0 (648256769)|HEAP_ALLOCATE|[23]|Bytes:65
16:09:06.0 (648277595)|USER_DEBUG|[23]|DEBUG|Comparable opp(s) include : (Opportunity:{Id=0061N00000UenUnQAJ})
16:09:06.0 (648286055)|STATEMENT_EXECUTE|[25]
16:09:06.0 (648340350)|HEAP_ALLOCATE|[25]|Bytes:4
16:09:06.0 (648396399)|VARIABLE_SCOPE_BEGIN|[25]|junctionsInsert|List<Comparable__c>|true|false
16:09:06.0 (648406455)|HEAP_ALLOCATE|[EXTERNAL]|Bytes:4
16:09:06.0 (648414033)|VARIABLE_ASSIGNMENT|[25]|junctionsInsert|[]|0x3e8947c7
16:09:06.0 (648447435)|HEAP_ALLOCATE|[26]|Bytes:5
16:09:06.0 (648461433)|HEAP_ALLOCATE|[26]|Bytes:8
16:09:06.0 (648468398)|VARIABLE_SCOPE_BEGIN|[26]|compOpps|Opportunity|true|false
16:09:06.0 (648481022)|VARIABLE_ASSIGNMENT|[26]|compOpps|{"Id":"0061N00000UenUnQAJ"}|0x46d140a0
16:09:06.0 (648486297)|STATEMENT_EXECUTE|[26]
16:09:06.0 (648487780)|STATEMENT_EXECUTE|[27]
16:09:06.0 (648505372)|HEAP_ALLOCATE|[27]|Bytes:4
16:09:06.0 (648586354)|VARIABLE_SCOPE_BEGIN|[27]|junctionObj|Comparable__c|true|false
16:09:06.0 (648600605)|VARIABLE_ASSIGNMENT|[27]|junctionObj|{}|0x3e4a713e
16:09:06.0 (648605421)|STATEMENT_EXECUTE|[28]
16:09:06.0 (648670281)|VARIABLE_ASSIGNMENT|[28]|this.Base_Opportunity__c|"0061N00000VW0SCQA1"|0x3e4a713e
16:09:06.0 (648676601)|STATEMENT_EXECUTE|[29]
16:09:06.0 (648706523)|VARIABLE_ASSIGNMENT|[29]|this.Comparable_Opportunity__c|"0061N00000UenUnQAJ"|0x3e4a713e
16:09:06.0 (648712253)|STATEMENT_EXECUTE|[30]
16:09:06.0 (648742150)|HEAP_ALLOCATE|[EXTERNAL]|Bytes:4
16:09:06.0 (648764377)|HEAP_ALLOCATE|[26]|Bytes:5
16:09:06.0 (648776679)|VARIABLE_ASSIGNMENT|[26]|compOpps|null|
16:09:06.0 (648781561)|STATEMENT_EXECUTE|[32]
16:09:06.0 (648820431)|DML_BEGIN|[32]|Op:Insert|Type:Comparable__c|Rows:1
16:09:06.0 (648843632)|HEAP_ALLOCATE|[EXTERNAL]|Bytes:8
16:09:06.0 (790502552)|DML_END|[32]
16:09:06.0 (790570334)|HEAP_ALLOCATE|[EXTERNAL]|Bytes:8
16:09:06.0 (790612170)|HEAP_ALLOCATE|[4]|Bytes:5
16:09:06.0 (790640217)|VARIABLE_ASSIGNMENT|[4]|oppList|null|
16:09:06.790 (790654343)|CUMULATIVE_LIMIT_USAGE
16:09:06.790 (790654343)|LIMIT_USAGE_FOR_NS|(default)|
  Number of SOQL queries: 2 out of 100
  Number of query rows: 2 out of 50000
  Number of SOSL queries: 0 out of 20
  Number of DML statements: 1 out of 150
  Number of DML rows: 1 out of 10000
  Maximum CPU time: 0 out of 10000
  Maximum heap size: 0 out of 6000000
  Number of callouts: 0 out of 100
  Number of Email Invocations: 0 out of 10
  Number of future calls: 0 out of 50
  Number of queueable jobs added to the queue: 0 out of 50
  Number of Mobile Apex push calls: 0 out of 10

16:09:06.790 (790654343)|CUMULATIVE_LIMIT_USAGE_END

16:09:06.0 (792050781)|CODE_UNIT_FINISHED|ComparableOpps on Opportunity trigger event AfterUpdate
16:09:06.0 (849214012)|CODE_UNIT_FINISHED|TRIGGERS
16:09:06.0 (849231191)|EXECUTION_FINISHED
