42.0 APEX_CODE,FINEST;APEX_PROFILING,INFO;CALLOUT,INFO;DB,INFO;SYSTEM,DEBUG;VALIDATION,INFO;VISUALFORCE,INFO;WAVE,INFO;WORKFLOW,INFO
16:09:40.0 (272383)|USER_INFO|[EXTERNAL]|0051N000005uzmp|craig-rupp@apex-academy.com|Pacific Standard Time|GMT-08:00
16:09:40.0 (307254)|EXECUTION_STARTED
16:09:40.0 (311375)|CODE_UNIT_STARTED|[EXTERNAL]|VisualForce View State
16:09:40.0 (158106436)|HEAP_ALLOCATE|[72]|Bytes:3
16:09:40.0 (158158794)|HEAP_ALLOCATE|[77]|Bytes:152
16:09:40.0 (158178453)|HEAP_ALLOCATE|[342]|Bytes:408
16:09:40.0 (158194492)|HEAP_ALLOCATE|[355]|Bytes:408
16:09:40.0 (158208098)|HEAP_ALLOCATE|[467]|Bytes:48
16:09:40.0 (158237566)|HEAP_ALLOCATE|[139]|Bytes:6
16:09:40.0 (158263140)|HEAP_ALLOCATE|[50]|Bytes:5
16:09:40.0 (158289813)|HEAP_ALLOCATE|[56]|Bytes:5
16:09:40.0 (158297917)|HEAP_ALLOCATE|[64]|Bytes:7
16:09:40.0 (159585564)|CODE_UNIT_FINISHED|VisualForce View State
16:09:40.0 (160725426)|EXECUTION_FINISHED
16:09:40.161 (161756299)|USER_INFO|[EXTERNAL]|0051N000005uzmp|craig-rupp@apex-academy.com|Pacific Standard Time|GMT-08:00
16:09:40.161 (161802889)|SYSTEM_MODE_ENTER|true
16:09:40.161 (161854825)|HEAP_ALLOCATE|[EXTERNAL]|Bytes:38
16:09:40.161 (161863126)|HEAP_ALLOCATE|[EXTERNAL]|Bytes:7
16:09:40.161 (161871742)|SYSTEM_METHOD_ENTRY|[1]|PageMessagesComponentController.PageMessagesComponentController()
16:09:40.161 (161878109)|STATEMENT_EXECUTE|[1]
16:09:40.609 (609153553)|CUMULATIVE_LIMIT_USAGE
16:09:40.609 (609153553)|LIMIT_USAGE_FOR_NS|(default)|
  Number of SOQL queries: 0 out of 100
  Number of query rows: 0 out of 50000
  Number of SOSL queries: 0 out of 20
  Number of DML statements: 0 out of 150
  Number of DML rows: 0 out of 10000
  Maximum CPU time: 0 out of 10000
  Maximum heap size: 0 out of 6000000
  Number of callouts: 0 out of 100
  Number of Email Invocations: 0 out of 10
  Number of future calls: 0 out of 50
  Number of queueable jobs added to the queue: 0 out of 50
  Number of Mobile Apex push calls: 0 out of 10

16:09:40.609 (609153553)|CUMULATIVE_LIMIT_USAGE_END

