42.0 APEX_CODE,FINEST;APEX_PROFILING,INFO;CALLOUT,INFO;DB,INFO;SYSTEM,DEBUG;VALIDATION,INFO;VISUALFORCE,INFO;WAVE,INFO;WORKFLOW,INFO
16:10:19.0 (51620)|USER_INFO|[EXTERNAL]|0051N000005uzmp|craig-rupp@apex-academy.com|Pacific Standard Time|GMT-08:00
16:10:19.0 (222118)|EXECUTION_STARTED
16:10:19.0 (226348)|CODE_UNIT_STARTED|[EXTERNAL]|VisualForce View State
16:10:19.0 (136796220)|HEAP_ALLOCATE|[72]|Bytes:3
16:10:19.0 (136853823)|HEAP_ALLOCATE|[77]|Bytes:152
16:10:19.0 (136865272)|HEAP_ALLOCATE|[342]|Bytes:408
16:10:19.0 (136878828)|HEAP_ALLOCATE|[355]|Bytes:408
16:10:19.0 (136891549)|HEAP_ALLOCATE|[467]|Bytes:48
16:10:19.0 (136932678)|HEAP_ALLOCATE|[139]|Bytes:6
16:10:19.0 (136952237)|HEAP_ALLOCATE|[50]|Bytes:5
16:10:19.0 (136967062)|HEAP_ALLOCATE|[56]|Bytes:5
16:10:19.0 (136974152)|HEAP_ALLOCATE|[64]|Bytes:7
16:10:19.0 (138236614)|CODE_UNIT_FINISHED|VisualForce View State
16:10:19.0 (139402968)|EXECUTION_FINISHED
16:10:19.140 (140561942)|USER_INFO|[EXTERNAL]|0051N000005uzmp|craig-rupp@apex-academy.com|Pacific Standard Time|GMT-08:00
16:10:19.140 (140611672)|SYSTEM_MODE_ENTER|true
16:10:19.140 (140796581)|HEAP_ALLOCATE|[EXTERNAL]|Bytes:38
16:10:19.140 (140821383)|HEAP_ALLOCATE|[EXTERNAL]|Bytes:7
16:10:19.140 (140842623)|SYSTEM_METHOD_ENTRY|[1]|PageMessagesComponentController.PageMessagesComponentController()
16:10:19.140 (140848896)|STATEMENT_EXECUTE|[1]
16:10:19.643 (643477627)|CUMULATIVE_LIMIT_USAGE
16:10:19.643 (643477627)|LIMIT_USAGE_FOR_NS|(default)|
  Number of SOQL queries: 0 out of 100
  Number of query rows: 0 out of 50000
  Number of SOSL queries: 0 out of 20
  Number of DML statements: 0 out of 150
  Number of DML rows: 0 out of 10000
  Maximum CPU time: 0 out of 10000
  Maximum heap size: 0 out of 6000000
  Number of callouts: 0 out of 100
  Number of Email Invocations: 0 out of 10
  Number of future calls: 0 out of 50
  Number of queueable jobs added to the queue: 0 out of 50
  Number of Mobile Apex push calls: 0 out of 10

16:10:19.643 (643477627)|CUMULATIVE_LIMIT_USAGE_END

