36.0 APEX_CODE,FINEST;APEX_PROFILING,INFO;CALLOUT,INFO;DB,INFO;SYSTEM,DEBUG;VALIDATION,INFO;VISUALFORCE,INFO;WAVE,INFO;WORKFLOW,INFO
20:28:36.0 (82529)|USER_INFO|[EXTERNAL]|0051N000005uzmp|craig-rupp@apex-academy.com|Pacific Standard Time|GMT-08:00
20:28:36.0 (293700)|EXECUTION_STARTED
20:28:36.0 (298256)|CODE_UNIT_STARTED|[EXTERNAL]|TRIGGERS
20:28:36.0 (333960)|CODE_UNIT_STARTED|[EXTERNAL]|01q1N000001nSwS|CheckSecretInfo on Case trigger event BeforeUpdate for [5001N00000XwTr9]
20:28:36.0 (364017)|HEAP_ALLOCATE|[EXTERNAL]|Bytes:8
20:28:36.0 (520839)|HEAP_ALLOCATE|[EXTERNAL]|Bytes:8
20:28:36.0 (871520)|HEAP_ALLOCATE|[72]|Bytes:3
20:28:36.0 (936486)|HEAP_ALLOCATE|[77]|Bytes:152
20:28:36.0 (951249)|HEAP_ALLOCATE|[342]|Bytes:408
20:28:36.0 (965807)|HEAP_ALLOCATE|[355]|Bytes:408
20:28:36.0 (979036)|HEAP_ALLOCATE|[467]|Bytes:48
20:28:36.0 (1026903)|HEAP_ALLOCATE|[139]|Bytes:6
20:28:36.0 (1042728)|HEAP_ALLOCATE|[EXTERNAL]|Bytes:2
20:28:36.0 (1133301)|HEAP_ALLOCATE|[EXTERNAL]|Bytes:16
20:28:36.0 (1143021)|VARIABLE_SCOPE_BEGIN|[1]|this|CheckSecretInfo|true|false
20:28:36.0 (1278141)|VARIABLE_ASSIGNMENT|[1]|this|{}|0x6e665ce
20:28:36.0 (1351856)|HEAP_ALLOCATE|[EXTERNAL]|Bytes:16
20:28:36.0 (1362330)|VARIABLE_SCOPE_BEGIN|[1]|this|CheckSecretInfo|true|false
20:28:36.0 (1383706)|VARIABLE_ASSIGNMENT|[1]|this|{}|0x6e665ce
20:28:36.0 (1396011)|STATEMENT_EXECUTE|[1]
20:28:36.0 (1398687)|STATEMENT_EXECUTE|[3]
20:28:36.0 (1402649)|HEAP_ALLOCATE|[3]|Bytes:44
20:28:36.0 (1461266)|HEAP_ALLOCATE|[50]|Bytes:5
20:28:36.0 (1485897)|HEAP_ALLOCATE|[56]|Bytes:5
20:28:36.0 (1493998)|HEAP_ALLOCATE|[64]|Bytes:7
20:28:36.0 (1537893)|VARIABLE_ASSIGNMENT|[3]|this.childCaseSubject|"Warning: Parent case (24 more) ..."|0x6e665ce
20:28:36.0 (1545210)|STATEMENT_EXECUTE|[5]
20:28:36.0 (1555040)|HEAP_ALLOCATE|[5]|Bytes:4
20:28:36.0 (1656907)|VARIABLE_ASSIGNMENT|[5]|this.secretKeyword|[]|0x6e665ce
20:28:36.0 (1664062)|STATEMENT_EXECUTE|[6]
20:28:36.0 (1670751)|HEAP_ALLOCATE|[6]|Bytes:11
20:28:36.0 (1725829)|HEAP_ALLOCATE|[EXTERNAL]|Bytes:4
20:28:36.0 (1751272)|STATEMENT_EXECUTE|[7]
20:28:36.0 (1758358)|HEAP_ALLOCATE|[7]|Bytes:15
20:28:36.0 (1776019)|HEAP_ALLOCATE|[EXTERNAL]|Bytes:4
20:28:36.0 (1782419)|STATEMENT_EXECUTE|[8]
20:28:36.0 (1787653)|HEAP_ALLOCATE|[8]|Bytes:3
20:28:36.0 (1800635)|HEAP_ALLOCATE|[EXTERNAL]|Bytes:4
20:28:36.0 (1806208)|STATEMENT_EXECUTE|[9]
20:28:36.0 (1810940)|HEAP_ALLOCATE|[9]|Bytes:9
20:28:36.0 (1822523)|HEAP_ALLOCATE|[EXTERNAL]|Bytes:4
20:28:36.0 (1827867)|STATEMENT_EXECUTE|[10]
20:28:36.0 (1832233)|HEAP_ALLOCATE|[10]|Bytes:8
20:28:36.0 (1843932)|HEAP_ALLOCATE|[EXTERNAL]|Bytes:4
20:28:36.0 (1848506)|STATEMENT_EXECUTE|[13]
20:28:36.0 (1869700)|HEAP_ALLOCATE|[13]|Bytes:4
20:28:36.0 (1915339)|HEAP_ALLOCATE|[EXTERNAL]|Bytes:4
20:28:36.0 (1923636)|VARIABLE_ASSIGNMENT|[13]|this.secretInfoCases|[]|0x6e665ce
20:28:36.0 (2051044)|HEAP_ALLOCATE|[14]|Bytes:5
20:28:36.0 (2095896)|HEAP_ALLOCATE|[14]|Bytes:4
20:28:36.0 (2104416)|VARIABLE_SCOPE_BEGIN|[14]|myCase|Case|true|false
20:28:36.0 (2704914)|VARIABLE_ASSIGNMENT|[14]|myCase|{"Origin":"Email","Status":"New","LastModifiedDate":"2018-01-23T21:46:15.000Z","IsDeleted":false,"Description":"Credit card","Priority":"Medium","Product_Has_Extended (12 more) ...":false,"IsClosed":false,"Subject":"First Case Test","SystemModstamp":"2018-01-24T11:39:29.000Z","BusinessHoursId":"01m1N000000BA7uQAG","CreatedById":"0051N000005uzmpQAA","IsEscalated":false,"OwnerId":"0051N000005uzmpQAA","CreatedDate":"2018-01-23T21:46:15.000Z","IsClosedOnCreate":false,"CaseNumber":"00001026","Id":"5001N00000XwTr9QAF","LastModifiedById":"0051N000005uzmpQAA"}|0x4799611c
20:28:36.0 (2722224)|STATEMENT_EXECUTE|[14]
20:28:36.0 (2758663)|STATEMENT_EXECUTE|[15]
20:28:36.0 (2769701)|HEAP_ALLOCATE|[16]|Bytes:4
20:28:36.0 (2805061)|HEAP_ALLOCATE|[16]|Bytes:20
20:28:36.0 (2827743)|HEAP_ALLOCATE|[16]|Bytes:5
20:28:36.0 (2840367)|VARIABLE_SCOPE_BEGIN|[16]|keyword|String|false|false
20:28:36.0 (2850452)|VARIABLE_ASSIGNMENT|[16]|keyword|"Credit Card"
20:28:36.0 (2855505)|STATEMENT_EXECUTE|[16]
20:28:36.0 (2912319)|STATEMENT_EXECUTE|[17]
20:28:36.0 (2913940)|STATEMENT_EXECUTE|[18]
20:28:36.0 (2937934)|HEAP_ALLOCATE|[EXTERNAL]|Bytes:4
20:28:36.0 (2945175)|STATEMENT_EXECUTE|[19]
20:28:36.0 (2947683)|HEAP_ALLOCATE|[19]|Bytes:5
20:28:36.0 (2984302)|HEAP_ALLOCATE|[19]|Bytes:18
20:28:36.0 (2994190)|HEAP_ALLOCATE|[19]|Bytes:24
20:28:36.0 (3003185)|HEAP_ALLOCATE|[19]|Bytes:58
20:28:36.0 (3018556)|USER_DEBUG|[19]|DEBUG|Case 5001N00000XwTr9QAF include secret keyword Credit Card
20:28:36.0 (3025937)|STATEMENT_EXECUTE|[20]
20:28:36.0 (3031331)|VARIABLE_ASSIGNMENT|[16]|keyword|null
20:28:36.0 (3044164)|HEAP_ALLOCATE|[14]|Bytes:5
20:28:36.0 (3054698)|VARIABLE_ASSIGNMENT|[14]|myCase|null|
20:28:36.0 (3080749)|HEAP_ALLOCATE|[26]|Bytes:5
20:28:36.0 (3091211)|HEAP_ALLOCATE|[26]|Bytes:4
20:28:36.0 (3097608)|VARIABLE_SCOPE_BEGIN|[26]|secretInfoCase|Case|true|false
20:28:36.0 (3426302)|VARIABLE_ASSIGNMENT|[26]|secretInfoCase|{"Origin":"Email","Status":"New","LastModifiedDate":"2018-01-23T21:46:15.000Z","IsDeleted":false,"Description":"Credit card","Priority":"Medium","Product_Has_Extended (12 more) ...":false,"IsClosed":false,"Subject":"First Case Test","SystemModstamp":"2018-01-24T11:39:29.000Z","BusinessHoursId":"01m1N000000BA7uQAG","CreatedById":"0051N000005uzmpQAA","IsEscalated":false,"OwnerId":"0051N000005uzmpQAA","CreatedDate":"2018-01-23T21:46:15.000Z","IsClosedOnCreate":false,"CaseNumber":"00001026","Id":"5001N00000XwTr9QAF","LastModifiedById":"0051N000005uzmpQAA"}|0x4799611c
20:28:36.0 (3439446)|STATEMENT_EXECUTE|[26]
20:28:36.0 (3440902)|STATEMENT_EXECUTE|[27]
20:28:36.0 (3457587)|HEAP_ALLOCATE|[27]|Bytes:4
20:28:36.0 (3526364)|VARIABLE_SCOPE_BEGIN|[27]|childCase|Case|true|false
20:28:36.0 (3540710)|VARIABLE_ASSIGNMENT|[27]|childCase|{}|0x7ebc9b5a
20:28:36.0 (3545656)|STATEMENT_EXECUTE|[28]
20:28:36.0 (3586996)|VARIABLE_ASSIGNMENT|[28]|this.Subject|"Warning: Parent case (24 more) ..."|0x7ebc9b5a
20:28:36.0 (3593070)|STATEMENT_EXECUTE|[29]
20:28:36.0 (3622262)|VARIABLE_ASSIGNMENT|[29]|this.ParentId|"5001N00000XwTr9QAF"|0x7ebc9b5a
20:28:36.0 (3628610)|STATEMENT_EXECUTE|[30]
20:28:36.0 (3646890)|VARIABLE_ASSIGNMENT|[30]|this.IsEscalated|true|0x7ebc9b5a
20:28:36.0 (3652902)|STATEMENT_EXECUTE|[31]
20:28:36.0 (3655784)|HEAP_ALLOCATE|[31]|Bytes:4
20:28:36.0 (3671221)|VARIABLE_ASSIGNMENT|[31]|this.Priority|"High"|0x7ebc9b5a
20:28:36.0 (3676129)|STATEMENT_EXECUTE|[32]
20:28:36.0 (3678131)|HEAP_ALLOCATE|[32]|Bytes:49
20:28:36.0 (3722764)|HEAP_ALLOCATE|[32]|Bytes:56
20:28:36.0 (3739153)|HEAP_ALLOCATE|[32]|Bytes:105
20:28:36.0 (3762080)|VARIABLE_ASSIGNMENT|[32]|this.Description|"At least one of the  (85 more) ..."|0x7ebc9b5a
20:28:36.0 (3768863)|STATEMENT_EXECUTE|[33]
20:28:36.0 (3786319)|HEAP_ALLOCATE|[33]|Bytes:8
20:28:36.0 (3798560)|DML_BEGIN|[33]|Op:Insert|Type:Case|Rows:1
20:28:36.0 (3820689)|HEAP_ALLOCATE|[EXTERNAL]|Bytes:8
20:28:36.0 (43741148)|CODE_UNIT_STARTED|[EXTERNAL]|01q1N000001nSwS|CheckSecretInfo on Case trigger event AfterInsert for [5001N00000YUJIv]
20:28:36.0 (43787531)|HEAP_ALLOCATE|[EXTERNAL]|Bytes:8
20:28:36.0 (43864668)|HEAP_ALLOCATE|[EXTERNAL]|Bytes:16
20:28:36.0 (43880336)|VARIABLE_SCOPE_BEGIN|[1]|this|CheckSecretInfo|true|false
20:28:36.0 (43928702)|VARIABLE_ASSIGNMENT|[1]|this|{}|0x122fa5a6
20:28:36.0 (43958448)|HEAP_ALLOCATE|[EXTERNAL]|Bytes:16
20:28:36.0 (43966429)|VARIABLE_SCOPE_BEGIN|[1]|this|CheckSecretInfo|true|false
20:28:36.0 (43984422)|VARIABLE_ASSIGNMENT|[1]|this|{}|0x122fa5a6
20:28:36.0 (43995296)|STATEMENT_EXECUTE|[1]
20:28:36.0 (43997475)|STATEMENT_EXECUTE|[3]
20:28:36.0 (44026384)|VARIABLE_ASSIGNMENT|[3]|this.childCaseSubject|"Warning: Parent case (24 more) ..."|0x122fa5a6
20:28:36.0 (44036759)|STATEMENT_EXECUTE|[5]
20:28:36.0 (44048282)|HEAP_ALLOCATE|[5]|Bytes:4
20:28:36.0 (44101428)|VARIABLE_ASSIGNMENT|[5]|this.secretKeyword|[]|0x122fa5a6
20:28:36.0 (44110757)|STATEMENT_EXECUTE|[6]
20:28:36.0 (44147788)|HEAP_ALLOCATE|[EXTERNAL]|Bytes:4
20:28:36.0 (44160222)|STATEMENT_EXECUTE|[7]
20:28:36.0 (44169282)|HEAP_ALLOCATE|[EXTERNAL]|Bytes:4
20:28:36.0 (44176726)|STATEMENT_EXECUTE|[8]
20:28:36.0 (44184651)|HEAP_ALLOCATE|[EXTERNAL]|Bytes:4
20:28:36.0 (44191484)|STATEMENT_EXECUTE|[9]
20:28:36.0 (44198945)|HEAP_ALLOCATE|[EXTERNAL]|Bytes:4
20:28:36.0 (44205870)|STATEMENT_EXECUTE|[10]
20:28:36.0 (44213158)|HEAP_ALLOCATE|[EXTERNAL]|Bytes:4
20:28:36.0 (44219126)|STATEMENT_EXECUTE|[13]
20:28:36.0 (44237594)|HEAP_ALLOCATE|[13]|Bytes:4
20:28:36.0 (44258571)|HEAP_ALLOCATE|[EXTERNAL]|Bytes:4
20:28:36.0 (44268630)|VARIABLE_ASSIGNMENT|[13]|this.secretInfoCases|[]|0x122fa5a6
20:28:36.0 (44321392)|HEAP_ALLOCATE|[14]|Bytes:5
20:28:36.0 (44346392)|VARIABLE_SCOPE_BEGIN|[14]|myCase|Case|true|false
20:28:36.0 (44905649)|VARIABLE_ASSIGNMENT|[14]|myCase|{"Status":"New","ParentId":"5001N00000XwTr9QAF","LastModifiedDate":"2018-01-31T04:28:36.000Z","IsDeleted":false,"Description":"At least one of the  (85 more) ...","Priority":"High","Product_Has_Extended (12 more) ...":false,"IsClosed":false,"Subject":"Warning: Parent case (24 more) ...","SystemModstamp":"2018-01-31T04:28:36.000Z","BusinessHoursId":"01m1N000000BA7uQAG","CreatedById":"0051N000005uzmpQAA","IsEscalated":true,"OwnerId":"0051N000005uzmpQAA","CreatedDate":"2018-01-31T04:28:36.000Z","IsClosedOnCreate":false,"CaseNumber":"00001031","Id":"5001N00000YUJIvQAP","LastModifiedById":"0051N000005uzmpQAA"}|0x11dd4d7d
20:28:36.0 (44929996)|STATEMENT_EXECUTE|[14]
20:28:36.0 (44972043)|STATEMENT_EXECUTE|[15]
20:28:36.0 (44986910)|HEAP_ALLOCATE|[14]|Bytes:5
20:28:36.0 (45009614)|VARIABLE_ASSIGNMENT|[14]|myCase|null|
20:28:36.0 (45037804)|HEAP_ALLOCATE|[26]|Bytes:5
20:28:36.0 (45051085)|VARIABLE_ASSIGNMENT|[26]|secretInfoCase|null|
20:28:36.0 (45057869)|STATEMENT_EXECUTE|[26]
20:28:36.45 (45109480)|CUMULATIVE_LIMIT_USAGE
20:28:36.45 (45109480)|LIMIT_USAGE_FOR_NS|(default)|
  Number of SOQL queries: 0 out of 100
  Number of query rows: 0 out of 50000
  Number of SOSL queries: 0 out of 20
  Number of DML statements: 1 out of 150
  Number of DML rows: 1 out of 10000
  Maximum CPU time: 0 out of 10000
  Maximum heap size: 0 out of 6000000
  Number of callouts: 0 out of 100
  Number of Email Invocations: 0 out of 10
  Number of future calls: 0 out of 50
  Number of queueable jobs added to the queue: 0 out of 50
  Number of Mobile Apex push calls: 0 out of 10

20:28:36.45 (45109480)|CUMULATIVE_LIMIT_USAGE_END

20:28:36.0 (46103245)|CODE_UNIT_FINISHED|CheckSecretInfo on Case trigger event AfterInsert for [5001N00000YUJIv]
20:28:36.0 (46184022)|CODE_UNIT_STARTED|[EXTERNAL]|Workflow:Case
20:28:36.0 (54414481)|WF_RULE_EVAL_BEGIN|Assignment
20:28:36.0 (54431381)|WF_SPOOL_ACTION_BEGIN|Assignment
20:28:36.0 (54447278)|WF_ACTION|.
20:28:36.0 (54455257)|WF_RULE_EVAL_END
20:28:36.0 (54465530)|WF_RULE_EVAL_BEGIN|Escalation
20:28:36.0 (54473639)|WF_SPOOL_ACTION_BEGIN|Escalation
20:28:36.0 (54479202)|WF_ACTION|.
20:28:36.0 (54483710)|WF_RULE_EVAL_END
20:28:36.0 (54531939)|WF_ACTIONS_END| None
20:28:36.0 (54541947)|CODE_UNIT_FINISHED|Workflow:Case
20:28:36.0 (57522908)|DML_END|[33]
20:28:36.0 (57562516)|HEAP_ALLOCATE|[26]|Bytes:5
20:28:36.0 (57596612)|VARIABLE_ASSIGNMENT|[26]|secretInfoCase|null|
20:28:36.57 (57613228)|CUMULATIVE_LIMIT_USAGE
20:28:36.57 (57613228)|LIMIT_USAGE_FOR_NS|(default)|
  Number of SOQL queries: 0 out of 100
  Number of query rows: 0 out of 50000
  Number of SOSL queries: 0 out of 20
  Number of DML statements: 1 out of 150
  Number of DML rows: 1 out of 10000
  Maximum CPU time: 0 out of 10000
  Maximum heap size: 0 out of 6000000
  Number of callouts: 0 out of 100
  Number of Email Invocations: 0 out of 10
  Number of future calls: 0 out of 50
  Number of queueable jobs added to the queue: 0 out of 50
  Number of Mobile Apex push calls: 0 out of 10

20:28:36.57 (57613228)|CUMULATIVE_LIMIT_USAGE_END

20:28:36.0 (58871344)|CODE_UNIT_FINISHED|CheckSecretInfo on Case trigger event BeforeUpdate for [5001N00000XwTr9]
20:28:36.0 (73821200)|CODE_UNIT_STARTED|[EXTERNAL]|01q1N000001lM1i|CaseComment on Case trigger event AfterUpdate for [5001N00000XwTr9]
20:28:36.0 (73866125)|HEAP_ALLOCATE|[EXTERNAL]|Bytes:8
20:28:36.0 (73914840)|HEAP_ALLOCATE|[EXTERNAL]|Bytes:8
20:28:36.0 (74049577)|HEAP_ALLOCATE|[EXTERNAL]|Bytes:4
20:28:36.0 (74072133)|VARIABLE_SCOPE_BEGIN|[1]|this|CaseComment|true|false
20:28:36.0 (74128719)|VARIABLE_ASSIGNMENT|[1]|this|{}|0x7fef114
20:28:36.0 (74186104)|HEAP_ALLOCATE|[EXTERNAL]|Bytes:4
20:28:36.0 (74195953)|VARIABLE_SCOPE_BEGIN|[1]|this|CaseComment|true|false
20:28:36.0 (74213804)|VARIABLE_ASSIGNMENT|[1]|this|{}|0x7fef114
20:28:36.0 (74224181)|STATEMENT_EXECUTE|[1]
20:28:36.0 (74320858)|HEAP_ALLOCATE|[2]|Bytes:5
20:28:36.0 (74349923)|VARIABLE_SCOPE_BEGIN|[2]|myCase|Case|true|false
20:28:36.0 (75367763)|VARIABLE_ASSIGNMENT|[2]|myCase|{"Origin":"Email","Status":"New","LastModifiedDate":"2018-01-31T04:28:36.000Z","IsDeleted":false,"Description":"Credit card","Priority":"Medium","Product_Has_Extended (12 more) ...":false,"IsClosed":false,"Subject":"First Case Test","SystemModstamp":"2018-01-31T04:28:36.000Z","BusinessHoursId":"01m1N000000BA7uQAG","CreatedById":"0051N000005uzmpQAA","IsEscalated":false,"OwnerId":"0051N000005uzmpQAA","CreatedDate":"2018-01-23T21:46:15.000Z","IsClosedOnCreate":false,"CaseNumber":"00001026","Id":"5001N00000XwTr9QAF","LastModifiedById":"0051N000005uzmpQAA"}|0x15ddf448
20:28:36.0 (75393742)|STATEMENT_EXECUTE|[2]
20:28:36.0 (75396069)|STATEMENT_EXECUTE|[3]
20:28:36.0 (75449619)|HEAP_ALLOCATE|[3]|Bytes:4
20:28:36.0 (75567492)|VARIABLE_SCOPE_BEGIN|[3]|cc|CaseComment|true|false
20:28:36.0 (75588517)|VARIABLE_ASSIGNMENT|[3]|cc|{}|0x294f0e3e
20:28:36.0 (75598172)|STATEMENT_EXECUTE|[4]
20:28:36.0 (75603667)|HEAP_ALLOCATE|[4]|Bytes:23
20:28:36.0 (75744937)|HEAP_ALLOCATE|[4]|Bytes:1
20:28:36.0 (75760847)|HEAP_ALLOCATE|[4]|Bytes:28
20:28:36.0 (75898988)|VARIABLE_ASSIGNMENT|[4]|this.CommentBody|"Case received by age (8 more) ..."|0x294f0e3e
20:28:36.0 (75912336)|STATEMENT_EXECUTE|[5]
20:28:36.0 (75960086)|VARIABLE_ASSIGNMENT|[5]|this.ParentId|"5001N00000XwTr9QAF"|0x294f0e3e
20:28:36.0 (75969359)|STATEMENT_EXECUTE|[6]
20:28:36.0 (75992363)|HEAP_ALLOCATE|[6]|Bytes:8
20:28:36.0 (76009615)|DML_BEGIN|[6]|Op:Insert|Type:CaseComment|Rows:1
20:28:36.0 (76063149)|HEAP_ALLOCATE|[EXTERNAL]|Bytes:8
20:28:36.0 (88599073)|DML_END|[6]
20:28:36.0 (88666069)|HEAP_ALLOCATE|[2]|Bytes:5
20:28:36.0 (88707615)|VARIABLE_ASSIGNMENT|[2]|myCase|null|
20:28:36.88 (88727455)|CUMULATIVE_LIMIT_USAGE
20:28:36.88 (88727455)|LIMIT_USAGE_FOR_NS|(default)|
  Number of SOQL queries: 0 out of 100
  Number of query rows: 0 out of 50000
  Number of SOSL queries: 0 out of 20
  Number of DML statements: 2 out of 150
  Number of DML rows: 2 out of 10000
  Maximum CPU time: 0 out of 10000
  Maximum heap size: 0 out of 6000000
  Number of callouts: 0 out of 100
  Number of Email Invocations: 0 out of 10
  Number of future calls: 0 out of 50
  Number of queueable jobs added to the queue: 0 out of 50
  Number of Mobile Apex push calls: 0 out of 10

20:28:36.88 (88727455)|CUMULATIVE_LIMIT_USAGE_END

20:28:36.0 (89584148)|CODE_UNIT_FINISHED|CaseComment on Case trigger event AfterUpdate for [5001N00000XwTr9]
20:28:36.0 (90346574)|CODE_UNIT_STARTED|[EXTERNAL]|Workflow:Case
20:28:36.0 (94657712)|WF_RULE_EVAL_BEGIN|Assignment
20:28:36.0 (94674376)|WF_SPOOL_ACTION_BEGIN|Assignment
20:28:36.0 (94688063)|WF_ACTION|.
20:28:36.0 (94694855)|WF_RULE_EVAL_END
20:28:36.0 (94703517)|WF_RULE_EVAL_BEGIN|Escalation
20:28:36.0 (94711213)|WF_SPOOL_ACTION_BEGIN|Escalation
20:28:36.0 (94717502)|WF_ACTION|.
20:28:36.0 (94721587)|WF_RULE_EVAL_END
20:28:36.0 (94768045)|WF_ACTIONS_END| None
20:28:36.0 (94777657)|CODE_UNIT_FINISHED|Workflow:Case
20:28:36.0 (176967703)|CODE_UNIT_FINISHED|TRIGGERS
20:28:36.0 (176986047)|EXECUTION_FINISHED
