36.0 APEX_CODE,FINEST;APEX_PROFILING,INFO;CALLOUT,INFO;DB,INFO;SYSTEM,DEBUG;VALIDATION,INFO;VISUALFORCE,INFO;WAVE,INFO;WORKFLOW,INFO
16:04:42.0 (382781)|USER_INFO|[EXTERNAL]|0051N000005uzmp|craig-rupp@apex-academy.com|Pacific Standard Time|GMT-08:00
16:04:42.0 (416267)|EXECUTION_STARTED
16:04:42.0 (420255)|CODE_UNIT_STARTED|[EXTERNAL]|TRIGGERS
16:04:42.0 (447689)|CODE_UNIT_STARTED|[EXTERNAL]|01q1N000001nQqf|LeadingCompetitor on Opportunity trigger event BeforeInsert
16:04:42.0 (489613)|HEAP_ALLOCATE|[EXTERNAL]|Bytes:8
16:04:42.0 (846372)|HEAP_ALLOCATE|[72]|Bytes:3
16:04:42.0 (903073)|HEAP_ALLOCATE|[77]|Bytes:152
16:04:42.0 (914642)|HEAP_ALLOCATE|[342]|Bytes:408
16:04:42.0 (927670)|HEAP_ALLOCATE|[355]|Bytes:408
16:04:42.0 (940761)|HEAP_ALLOCATE|[467]|Bytes:48
16:04:42.0 (986870)|HEAP_ALLOCATE|[139]|Bytes:6
16:04:42.0 (1009982)|HEAP_ALLOCATE|[EXTERNAL]|Bytes:4
16:04:42.0 (1035368)|VARIABLE_SCOPE_BEGIN|[1]|this|LeadingCompetitor|true|false
16:04:42.0 (1093503)|VARIABLE_ASSIGNMENT|[1]|this|{}|0x80748ea
16:04:42.0 (1150927)|HEAP_ALLOCATE|[EXTERNAL]|Bytes:4
16:04:42.0 (1171840)|VARIABLE_SCOPE_BEGIN|[1]|this|LeadingCompetitor|true|false
16:04:42.0 (1185463)|VARIABLE_ASSIGNMENT|[1]|this|{}|0x80748ea
16:04:42.0 (1193499)|STATEMENT_EXECUTE|[1]
16:04:42.0 (1223073)|HEAP_ALLOCATE|[50]|Bytes:5
16:04:42.0 (1241343)|HEAP_ALLOCATE|[56]|Bytes:5
16:04:42.0 (1250778)|HEAP_ALLOCATE|[64]|Bytes:7
16:04:42.0 (1641538)|HEAP_ALLOCATE|[4]|Bytes:5
16:04:42.0 (1673161)|HEAP_ALLOCATE|[4]|Bytes:4
16:04:42.0 (1683839)|VARIABLE_SCOPE_BEGIN|[4]|opp|Opportunity|true|false
16:04:42.0 (2494020)|VARIABLE_ASSIGNMENT|[4]|opp|{"IsDeleted":false,"HasOpportunityLineIt (2 more) ...":false,"StageName":"Prospecting","Amount":9500.00,"Probability":10,"ForecastCategory":"Pipeline","IsClosed":false,"CloseDate":"2018-02-05T00:00:00.000Z","Name":"Comparable Please","HasOpenActivity":false,"ExpectedRevenue":950.00,"OwnerId":"0051N000005uzmpQAA","IsWon":false,"HasOverdueTask":false,"ForecastCategoryName":"Pipeline","IsPrivate":false}|0x1e49bcd2
16:04:42.0 (2511269)|STATEMENT_EXECUTE|[4]
16:04:42.0 (2513191)|STATEMENT_EXECUTE|[6]
16:04:42.0 (2546205)|HEAP_ALLOCATE|[6]|Bytes:4
16:04:42.0 (2638096)|VARIABLE_SCOPE_BEGIN|[6]|compPrices|List<Decimal>|true|false
16:04:42.0 (2665158)|HEAP_ALLOCATE|[EXTERNAL]|Bytes:4
16:04:42.0 (2676762)|VARIABLE_ASSIGNMENT|[6]|compPrices|[]|0x5955c6be
16:04:42.0 (2682290)|STATEMENT_EXECUTE|[7]
16:04:42.0 (2736000)|HEAP_ALLOCATE|[EXTERNAL]|Bytes:4
16:04:42.0 (2746088)|STATEMENT_EXECUTE|[8]
16:04:42.0 (2776629)|HEAP_ALLOCATE|[EXTERNAL]|Bytes:4
16:04:42.0 (2784373)|STATEMENT_EXECUTE|[9]
16:04:42.0 (2812342)|HEAP_ALLOCATE|[EXTERNAL]|Bytes:4
16:04:42.0 (2819400)|STATEMENT_EXECUTE|[12]
16:04:42.0 (2830658)|HEAP_ALLOCATE|[12]|Bytes:4
16:04:42.0 (2875074)|VARIABLE_SCOPE_BEGIN|[12]|compName|List<String>|true|false
16:04:42.0 (2904299)|HEAP_ALLOCATE|[EXTERNAL]|Bytes:4
16:04:42.0 (2914594)|VARIABLE_ASSIGNMENT|[12]|compName|[]|0x381d3c8
16:04:42.0 (2920306)|STATEMENT_EXECUTE|[13]
16:04:42.0 (2959869)|HEAP_ALLOCATE|[EXTERNAL]|Bytes:4
16:04:42.0 (2967909)|STATEMENT_EXECUTE|[14]
16:04:42.0 (3023625)|HEAP_ALLOCATE|[EXTERNAL]|Bytes:4
16:04:42.0 (3035544)|STATEMENT_EXECUTE|[15]
16:04:42.0 (3069228)|HEAP_ALLOCATE|[EXTERNAL]|Bytes:4
16:04:42.0 (3075977)|STATEMENT_EXECUTE|[18]
16:04:42.0 (3079861)|VARIABLE_SCOPE_BEGIN|[18]|lowestPrice|Decimal|false|false
16:04:42.0 (3089227)|VARIABLE_ASSIGNMENT|[18]|lowestPrice|null
16:04:42.0 (3093074)|STATEMENT_EXECUTE|[19]
16:04:42.0 (3095239)|VARIABLE_SCOPE_BEGIN|[19]|lowestPricePosition|Integer|false|false
16:04:42.0 (3103054)|VARIABLE_ASSIGNMENT|[19]|lowestPricePosition|null
16:04:42.0 (3106582)|STATEMENT_EXECUTE|[20]
16:04:42.0 (3108445)|VARIABLE_SCOPE_BEGIN|[20]|highestPrice|Decimal|false|false
16:04:42.0 (3129328)|VARIABLE_ASSIGNMENT|[20]|highestPrice|null
16:04:42.0 (3134994)|STATEMENT_EXECUTE|[21]
16:04:42.0 (3138303)|VARIABLE_SCOPE_BEGIN|[21]|highestPricePosition|Integer|false|false
16:04:42.0 (3150547)|VARIABLE_ASSIGNMENT|[21]|highestPricePosition|null
16:04:42.0 (3173986)|STATEMENT_EXECUTE|[22]
16:04:42.0 (3180393)|VARIABLE_SCOPE_BEGIN|[22]|i|Integer|false|false
16:04:42.0 (3191452)|HEAP_ALLOCATE|[22]|Bytes:4
16:04:42.0 (3200074)|VARIABLE_ASSIGNMENT|[22]|i|0
16:04:42.0 (3225800)|STATEMENT_EXECUTE|[22]
16:04:42.0 (3227686)|STATEMENT_EXECUTE|[23]
16:04:42.0 (3250106)|VARIABLE_SCOPE_BEGIN|[23]|currentPrice|Decimal|false|false
16:04:42.0 (3259509)|VARIABLE_ASSIGNMENT|[23]|currentPrice|null
16:04:42.0 (3266919)|STATEMENT_EXECUTE|[24]
16:04:42.0 (3268447)|STATEMENT_EXECUTE|[25]
16:04:42.0 (3271379)|VARIABLE_ASSIGNMENT|[25]|lowestPrice|null
16:04:42.0 (3275171)|STATEMENT_EXECUTE|[26]
16:04:42.0 (3276948)|HEAP_ALLOCATE|[26]|Bytes:4
16:04:42.0 (3282126)|VARIABLE_ASSIGNMENT|[26]|lowestPricePosition|0
16:04:42.0 (3288558)|STATEMENT_EXECUTE|[28]
16:04:42.0 (3290273)|STATEMENT_EXECUTE|[29]
16:04:42.0 (3294135)|VARIABLE_ASSIGNMENT|[29]|highestPrice|null
16:04:42.0 (3299596)|STATEMENT_EXECUTE|[30]
16:04:42.0 (3301807)|HEAP_ALLOCATE|[30]|Bytes:4
16:04:42.0 (3307380)|VARIABLE_ASSIGNMENT|[30]|highestPricePosition|0
16:04:42.0 (3312925)|HEAP_ALLOCATE|[22]|Bytes:4
16:04:42.0 (3316681)|VARIABLE_ASSIGNMENT|[22]|i|1
16:04:42.0 (3327301)|STATEMENT_EXECUTE|[22]
16:04:42.0 (3328641)|STATEMENT_EXECUTE|[23]
16:04:42.0 (3334368)|VARIABLE_SCOPE_BEGIN|[23]|currentPrice|Decimal|false|false
16:04:42.0 (3340981)|VARIABLE_ASSIGNMENT|[23]|currentPrice|null
16:04:42.0 (3344805)|STATEMENT_EXECUTE|[24]
16:04:42.0 (3345982)|STATEMENT_EXECUTE|[25]
16:04:42.0 (3348688)|VARIABLE_ASSIGNMENT|[25]|lowestPrice|null
16:04:42.0 (3351952)|STATEMENT_EXECUTE|[26]
16:04:42.0 (3353668)|HEAP_ALLOCATE|[26]|Bytes:4
16:04:42.0 (3357981)|VARIABLE_ASSIGNMENT|[26]|lowestPricePosition|1
16:04:42.0 (3363555)|STATEMENT_EXECUTE|[28]
16:04:42.0 (3365383)|STATEMENT_EXECUTE|[29]
16:04:42.0 (3369481)|VARIABLE_ASSIGNMENT|[29]|highestPrice|null
16:04:42.0 (3375228)|STATEMENT_EXECUTE|[30]
16:04:42.0 (3377560)|HEAP_ALLOCATE|[30]|Bytes:4
16:04:42.0 (3384595)|VARIABLE_ASSIGNMENT|[30]|highestPricePosition|1
16:04:42.0 (3390983)|HEAP_ALLOCATE|[22]|Bytes:4
16:04:42.0 (3397668)|VARIABLE_ASSIGNMENT|[22]|i|2
16:04:42.0 (3413350)|STATEMENT_EXECUTE|[22]
16:04:42.0 (3415420)|STATEMENT_EXECUTE|[23]
16:04:42.0 (3423857)|VARIABLE_SCOPE_BEGIN|[23]|currentPrice|Decimal|false|false
16:04:42.0 (3435985)|VARIABLE_ASSIGNMENT|[23]|currentPrice|null
16:04:42.0 (3440854)|STATEMENT_EXECUTE|[24]
16:04:42.0 (3442054)|STATEMENT_EXECUTE|[25]
16:04:42.0 (3444769)|VARIABLE_ASSIGNMENT|[25]|lowestPrice|null
16:04:42.0 (3448085)|STATEMENT_EXECUTE|[26]
16:04:42.0 (3449803)|HEAP_ALLOCATE|[26]|Bytes:4
16:04:42.0 (3454505)|VARIABLE_ASSIGNMENT|[26]|lowestPricePosition|2
16:04:42.0 (3458744)|STATEMENT_EXECUTE|[28]
16:04:42.0 (3459951)|STATEMENT_EXECUTE|[29]
16:04:42.0 (3462446)|VARIABLE_ASSIGNMENT|[29]|highestPrice|null
16:04:42.0 (3466128)|STATEMENT_EXECUTE|[30]
16:04:42.0 (3467507)|HEAP_ALLOCATE|[30]|Bytes:4
16:04:42.0 (3471116)|VARIABLE_ASSIGNMENT|[30]|highestPricePosition|2
16:04:42.0 (3474684)|HEAP_ALLOCATE|[22]|Bytes:4
16:04:42.0 (3478571)|VARIABLE_ASSIGNMENT|[22]|i|3
16:04:42.0 (3489220)|STATEMENT_EXECUTE|[35]
16:04:42.0 (3888604)|VARIABLE_ASSIGNMENT|[35]|this.Leading_Competitor__c|null|0x1e49bcd2
16:04:42.0 (3896975)|STATEMENT_EXECUTE|[36]
16:04:42.0 (4247381)|VARIABLE_ASSIGNMENT|[36]|this.Most_Expensivest__c|null|0x1e49bcd2
16:04:42.0 (4258958)|STATEMENT_EXECUTE|[37]
16:04:42.0 (4613819)|VARIABLE_ASSIGNMENT|[37]|this.Most_Expensivest_Price__c|null|0x1e49bcd2
16:04:42.0 (4639088)|HEAP_ALLOCATE|[4]|Bytes:5
16:04:42.0 (4655995)|VARIABLE_ASSIGNMENT|[4]|opp|null|
16:04:42.4 (4666835)|CUMULATIVE_LIMIT_USAGE
16:04:42.4 (4666835)|LIMIT_USAGE_FOR_NS|(default)|
  Number of SOQL queries: 0 out of 100
  Number of query rows: 0 out of 50000
  Number of SOSL queries: 0 out of 20
  Number of DML statements: 0 out of 150
  Number of DML rows: 0 out of 10000
  Maximum CPU time: 0 out of 10000
  Maximum heap size: 0 out of 6000000
  Number of callouts: 0 out of 100
  Number of Email Invocations: 0 out of 10
  Number of future calls: 0 out of 50
  Number of queueable jobs added to the queue: 0 out of 50
  Number of Mobile Apex push calls: 0 out of 10

16:04:42.4 (4666835)|CUMULATIVE_LIMIT_USAGE_END

16:04:42.0 (6060231)|CODE_UNIT_FINISHED|LeadingCompetitor on Opportunity trigger event BeforeInsert
16:04:42.0 (63066219)|CODE_UNIT_STARTED|[EXTERNAL]|01q1N000001pFos|ComparableOpps on Opportunity trigger event AfterInsert
16:04:42.0 (63112056)|HEAP_ALLOCATE|[EXTERNAL]|Bytes:8
16:04:42.0 (63271454)|HEAP_ALLOCATE|[EXTERNAL]|Bytes:2
16:04:42.0 (63301377)|HEAP_ALLOCATE|[EXTERNAL]|Bytes:4
16:04:42.0 (63317054)|VARIABLE_SCOPE_BEGIN|[1]|this|ComparableOpps|true|false
16:04:42.0 (63358775)|VARIABLE_ASSIGNMENT|[1]|this|{}|0xc62c57f
16:04:42.0 (63424409)|HEAP_ALLOCATE|[EXTERNAL]|Bytes:4
16:04:42.0 (63433632)|VARIABLE_SCOPE_BEGIN|[1]|this|ComparableOpps|true|false
16:04:42.0 (63447282)|VARIABLE_ASSIGNMENT|[1]|this|{}|0xc62c57f
16:04:42.0 (63455065)|STATEMENT_EXECUTE|[1]
16:04:42.0 (63543792)|HEAP_ALLOCATE|[4]|Bytes:5
16:04:42.0 (63570055)|VARIABLE_SCOPE_BEGIN|[4]|oppList|Opportunity|true|false
16:04:42.0 (64142392)|VARIABLE_ASSIGNMENT|[4]|oppList|{"LastModifiedDate":"2018-02-08T00:04:42.000Z","IsDeleted":false,"HasOpportunityLineIt (2 more) ...":false,"StageName":"Prospecting","Amount":9500.00,"Probability":10,"ForecastCategory":"Pipeline","IsClosed":false,"CloseDate":"2018-02-05T00:00:00.000Z","Name":"Comparable Please","SystemModstamp":"2018-02-08T00:04:42.000Z","HasOpenActivity":false,"ExpectedRevenue":950.00,"CreatedById":"0051N000005uzmpQAA","OwnerId":"0051N000005uzmpQAA","IsWon":false,"CreatedDate":"2018-02-08T00:04:42.000Z","HasOverdueTask":false,"Id":"0061N00000VW0SCQA1","ForecastCategoryName":"Pipeline","IsPrivate":false,"LastModifiedById":"0051N000005uzmpQAA"}|0x33798cb3
16:04:42.0 (64159860)|STATEMENT_EXECUTE|[4]
16:04:42.0 (64162133)|STATEMENT_EXECUTE|[6]
16:04:42.0 (64168916)|HEAP_ALLOCATE|[6]|Bytes:72
16:04:42.0 (64193620)|HEAP_ALLOCATE|[6]|Bytes:4
16:04:42.0 (64209228)|HEAP_ALLOCATE|[6]|Bytes:7
16:04:42.0 (65849232)|SOQL_EXECUTE_BEGIN|[6]|Aggregations:0|SELECT Id, Account.Industry FROM Opportunity WHERE Id = :tmpVar1 LIMIT 1
16:04:42.0 (69567376)|SOQL_EXECUTE_END|[6]|Rows:1
16:04:42.0 (69599977)|HEAP_ALLOCATE|[6]|Bytes:8
16:04:42.0 (69615717)|HEAP_ALLOCATE|[6]|Bytes:29
16:04:42.0 (69645722)|HEAP_ALLOCATE|[6]|Bytes:8
16:04:42.0 (69662175)|HEAP_ALLOCATE|[6]|Bytes:37
16:04:42.0 (69681808)|HEAP_ALLOCATE|[6]|Bytes:8
16:04:42.0 (69693936)|VARIABLE_SCOPE_BEGIN|[6]|oppAccountInfo|Opportunity|true|false
16:04:42.0 (69722924)|VARIABLE_ASSIGNMENT|[6]|oppAccountInfo|{"Id":"0061N00000VW0SCQA1"}|0x410ca515
16:04:42.0 (69733888)|STATEMENT_EXECUTE|[12]
16:04:42.0 (69771305)|HEAP_ALLOCATE|[12]|Bytes:3
16:04:42.0 (69796506)|HEAP_ALLOCATE|[12]|Bytes:28
16:04:42.0 (69865329)|HEAP_ALLOCATE|[12]|Bytes:28
16:04:42.0 (69888442)|VARIABLE_SCOPE_BEGIN|[12]|minAmount|Decimal|false|false
16:04:42.0 (69910691)|VARIABLE_ASSIGNMENT|[12]|minAmount|8550.000
16:04:42.0 (69918156)|STATEMENT_EXECUTE|[13]
16:04:42.0 (69929843)|HEAP_ALLOCATE|[13]|Bytes:3
16:04:42.0 (69940908)|HEAP_ALLOCATE|[13]|Bytes:28
16:04:42.0 (69976575)|HEAP_ALLOCATE|[13]|Bytes:28
16:04:42.0 (69990205)|VARIABLE_SCOPE_BEGIN|[13]|maxAmount|Decimal|false|false
16:04:42.0 (70000771)|VARIABLE_ASSIGNMENT|[13]|maxAmount|10450.000
16:04:42.0 (70005924)|STATEMENT_EXECUTE|[15]
16:04:42.0 (70009323)|HEAP_ALLOCATE|[15]|Bytes:189
16:04:42.0 (70024412)|HEAP_ALLOCATE|[15]|Bytes:4
16:04:42.0 (70061985)|HEAP_ALLOCATE|[15]|Bytes:28
16:04:42.0 (70071620)|HEAP_ALLOCATE|[15]|Bytes:7
16:04:42.0 (70087626)|HEAP_ALLOCATE|[15]|Bytes:28
16:04:42.0 (70094981)|HEAP_ALLOCATE|[15]|Bytes:7
16:04:42.0 (70133492)|HEAP_ALLOCATE|[15]|Bytes:7
16:04:42.0 (70584098)|SOQL_EXECUTE_BEGIN|[15]|Aggregations:0|SELECT Id FROM Opportunity WHERE (Amount >= :tmpVar1 AND Amount <= :tmpVar2 AND Account.Industry = :tmpVar3 AND StageName = 'Closed Won' AND CloseDate >= LAST_N_DAYS:365 AND Id != :tmpVar4)
16:04:42.0 (75345255)|SOQL_EXECUTE_END|[15]|Rows:0
16:04:42.0 (75369467)|HEAP_ALLOCATE|[15]|Bytes:4
16:04:42.0 (75380566)|HEAP_ALLOCATE|[15]|Bytes:0
16:04:42.0 (75410757)|HEAP_ALLOCATE|[15]|Bytes:4
16:04:42.0 (75427910)|VARIABLE_SCOPE_BEGIN|[15]|qualifiedOpps|List<Opportunity>|true|false
16:04:42.0 (75447167)|VARIABLE_ASSIGNMENT|[15]|qualifiedOpps|[]|0x4eccdcad
16:04:42.0 (75453250)|STATEMENT_EXECUTE|[23]
16:04:42.0 (75457917)|HEAP_ALLOCATE|[23]|Bytes:28
16:04:42.0 (75514361)|HEAP_ALLOCATE|[23]|Bytes:2
16:04:42.0 (75532035)|HEAP_ALLOCATE|[23]|Bytes:30
16:04:42.0 (75556156)|USER_DEBUG|[23]|DEBUG|Comparable opp(s) include : ()
16:04:42.0 (75564044)|STATEMENT_EXECUTE|[25]
16:04:42.0 (75633110)|HEAP_ALLOCATE|[25]|Bytes:4
16:04:42.0 (75682241)|VARIABLE_SCOPE_BEGIN|[25]|junctionsInsert|List<Comparable__c>|true|false
16:04:42.0 (75692914)|HEAP_ALLOCATE|[EXTERNAL]|Bytes:4
16:04:42.0 (75700980)|VARIABLE_ASSIGNMENT|[25]|junctionsInsert|[]|0x666f3c5
16:04:42.0 (75736145)|HEAP_ALLOCATE|[26]|Bytes:5
16:04:42.0 (75749026)|VARIABLE_ASSIGNMENT|[26]|compOpps|null|
16:04:42.0 (75753956)|STATEMENT_EXECUTE|[26]
16:04:42.0 (75755692)|STATEMENT_EXECUTE|[32]
16:04:42.0 (75820322)|HEAP_ALLOCATE|[EXTERNAL]|Bytes:4
16:04:42.0 (75834754)|HEAP_ALLOCATE|[4]|Bytes:5
16:04:42.0 (75846423)|VARIABLE_ASSIGNMENT|[4]|oppList|null|
16:04:42.75 (75857452)|CUMULATIVE_LIMIT_USAGE
16:04:42.75 (75857452)|LIMIT_USAGE_FOR_NS|(default)|
  Number of SOQL queries: 2 out of 100
  Number of query rows: 1 out of 50000
  Number of SOSL queries: 0 out of 20
  Number of DML statements: 0 out of 150
  Number of DML rows: 0 out of 10000
  Maximum CPU time: 0 out of 10000
  Maximum heap size: 0 out of 6000000
  Number of callouts: 0 out of 100
  Number of Email Invocations: 0 out of 10
  Number of future calls: 0 out of 50
  Number of queueable jobs added to the queue: 0 out of 50
  Number of Mobile Apex push calls: 0 out of 10

16:04:42.75 (75857452)|CUMULATIVE_LIMIT_USAGE_END

16:04:42.0 (76759262)|CODE_UNIT_FINISHED|ComparableOpps on Opportunity trigger event AfterInsert
16:04:42.0 (79990147)|CODE_UNIT_STARTED|[EXTERNAL]|01q1N000001lL8O|AppleWatch on Opportunity trigger event AfterInsert
16:04:42.0 (80026834)|HEAP_ALLOCATE|[EXTERNAL]|Bytes:8
16:04:42.0 (80113218)|HEAP_ALLOCATE|[EXTERNAL]|Bytes:4
16:04:42.0 (80124351)|VARIABLE_SCOPE_BEGIN|[1]|this|AppleWatch|true|false
16:04:42.0 (80161277)|VARIABLE_ASSIGNMENT|[1]|this|{}|0x120cf081
16:04:42.0 (80214886)|HEAP_ALLOCATE|[EXTERNAL]|Bytes:4
16:04:42.0 (80223192)|VARIABLE_SCOPE_BEGIN|[1]|this|AppleWatch|true|false
16:04:42.0 (80238799)|VARIABLE_ASSIGNMENT|[1]|this|{}|0x120cf081
16:04:42.0 (80245894)|STATEMENT_EXECUTE|[1]
16:04:42.0 (80315236)|HEAP_ALLOCATE|[2]|Bytes:5
16:04:42.0 (80339320)|VARIABLE_SCOPE_BEGIN|[2]|opp|Opportunity|true|false
16:04:42.0 (80815307)|VARIABLE_ASSIGNMENT|[2]|opp|{"LastModifiedDate":"2018-02-08T00:04:42.000Z","IsDeleted":false,"HasOpportunityLineIt (2 more) ...":false,"StageName":"Prospecting","Amount":9500.00,"Probability":10,"ForecastCategory":"Pipeline","IsClosed":false,"CloseDate":"2018-02-05T00:00:00.000Z","Name":"Comparable Please","SystemModstamp":"2018-02-08T00:04:42.000Z","HasOpenActivity":false,"ExpectedRevenue":950.00,"CreatedById":"0051N000005uzmpQAA","OwnerId":"0051N000005uzmpQAA","IsWon":false,"CreatedDate":"2018-02-08T00:04:42.000Z","HasOverdueTask":false,"Id":"0061N00000VW0SCQA1","ForecastCategoryName":"Pipeline","IsPrivate":false,"LastModifiedById":"0051N000005uzmpQAA"}|0x33798cb3
16:04:42.0 (80831948)|STATEMENT_EXECUTE|[2]
16:04:42.0 (80833597)|STATEMENT_EXECUTE|[3]
16:04:42.0 (80877032)|HEAP_ALLOCATE|[3]|Bytes:4
16:04:42.0 (80970507)|VARIABLE_SCOPE_BEGIN|[3]|t|Task|true|false
16:04:42.0 (80984086)|VARIABLE_ASSIGNMENT|[3]|t|{}|0x36472c58
16:04:42.0 (80989592)|STATEMENT_EXECUTE|[4]
16:04:42.0 (80994688)|HEAP_ALLOCATE|[4]|Bytes:17
16:04:42.0 (81598000)|VARIABLE_ASSIGNMENT|[4]|this.Subject|"Apple Watch Promo"|0x36472c58
16:04:42.0 (81607786)|STATEMENT_EXECUTE|[5]
16:04:42.0 (81612525)|HEAP_ALLOCATE|[5]|Bytes:18
16:04:42.0 (81638596)|VARIABLE_ASSIGNMENT|[5]|this.Description|"Send them one ASAP"|0x36472c58
16:04:42.0 (81644217)|STATEMENT_EXECUTE|[6]
16:04:42.0 (81646692)|HEAP_ALLOCATE|[6]|Bytes:4
16:04:42.0 (81666513)|VARIABLE_ASSIGNMENT|[6]|this.Priority|"High"|0x36472c58
16:04:42.0 (81671609)|STATEMENT_EXECUTE|[7]
16:04:42.0 (81963114)|VARIABLE_ASSIGNMENT|[7]|this.WhatId|"0061N00000VW0SCQA1"|0x36472c58
16:04:42.0 (81969255)|STATEMENT_EXECUTE|[8]
16:04:42.0 (81990023)|HEAP_ALLOCATE|[8]|Bytes:8
16:04:42.0 (82004855)|DML_BEGIN|[8]|Op:Insert|Type:Task|Rows:1
16:04:42.0 (82036042)|HEAP_ALLOCATE|[EXTERNAL]|Bytes:8
16:04:42.0 (108773456)|DML_END|[8]
16:04:42.0 (108819311)|HEAP_ALLOCATE|[2]|Bytes:5
16:04:42.0 (108851265)|VARIABLE_ASSIGNMENT|[2]|opp|null|
16:04:42.108 (108864292)|CUMULATIVE_LIMIT_USAGE
16:04:42.108 (108864292)|LIMIT_USAGE_FOR_NS|(default)|
  Number of SOQL queries: 2 out of 100
  Number of query rows: 1 out of 50000
  Number of SOSL queries: 0 out of 20
  Number of DML statements: 1 out of 150
  Number of DML rows: 1 out of 10000
  Maximum CPU time: 0 out of 10000
  Maximum heap size: 0 out of 6000000
  Number of callouts: 0 out of 100
  Number of Email Invocations: 0 out of 10
  Number of future calls: 0 out of 50
  Number of queueable jobs added to the queue: 0 out of 50
  Number of Mobile Apex push calls: 0 out of 10

16:04:42.108 (108864292)|CUMULATIVE_LIMIT_USAGE_END

16:04:42.0 (109744357)|CODE_UNIT_FINISHED|AppleWatch on Opportunity trigger event AfterInsert
16:04:42.0 (138761167)|CODE_UNIT_FINISHED|TRIGGERS
16:04:42.0 (138775712)|EXECUTION_FINISHED
